Log file open, 11/27/18 22:31:19
LogWindows: Failed to load 'aqProf.dll' (GetLastError=126)
LogWindows: File 'aqProf.dll' does not exist
LogWindows: Failed to load 'VSPerf140.dll' (GetLastError=126)
LogWindows: File 'VSPerf140.dll' does not exist
LogWindows: Failed to load 'VtuneApi.dll' (GetLastError=126)
LogWindows: File 'VtuneApi.dll' does not exist
LogWindows: Failed to load 'VtuneApi32e.dll' (GetLastError=126)
LogWindows: File 'VtuneApi32e.dll' does not exist
LogInit: Display: Running engine for game: Car012
LogPlatformFile: Not using cached read wrapper
LogTaskGraph: Started task graph with 5 named threads and 23 total threads with 3 sets of task threads.
LogStats: Stats thread started at 0.292415
LogD3D11RHI: Loaded GFSDK_Aftermath_Lib.x64.dll
LogICUInternationalization: Display: ICU TimeZone Detection - Raw Offset: +2:00, Platform Override: ''
LogPluginManager: Mounting plugin Paper2D
LogPluginManager: Mounting plugin AISupport
LogPluginManager: Mounting plugin LightPropagationVolume
LogPluginManager: Mounting plugin CLionSourceCodeAccess
LogPluginManager: Mounting plugin CodeLiteSourceCodeAccess
LogPluginManager: Mounting plugin GitSourceControl
LogPluginManager: Mounting plugin KDevelopSourceCodeAccess
LogPluginManager: Mounting plugin NullSourceCodeAccess
LogPluginManager: Mounting plugin PerforceSourceControl
LogPluginManager: Mounting plugin SubversionSourceControl
LogPluginManager: Mounting plugin UObjectPlugin
LogPluginManager: Mounting plugin VisualStudioCodeSourceCodeAccess
LogPluginManager: Mounting plugin VisualStudioSourceCodeAccess
LogPluginManager: Mounting plugin XCodeSourceCodeAccess
LogPluginManager: Mounting plugin AssetManagerEditor
LogPluginManager: Mounting plugin CryptoKeys
LogPluginManager: Mounting plugin DataValidation
LogPluginManager: Mounting plugin FacialAnimation
LogPluginManager: Mounting plugin GameplayTagsEditor
LogPluginManager: Mounting plugin MacGraphicsSwitching
LogPluginManager: Mounting plugin MeshEditor
LogPluginManager: Mounting plugin MobileLauncherProfileWizard
LogPluginManager: Mounting plugin PluginBrowser
LogPluginManager: Mounting plugin SpeedTreeImporter
LogPluginManager: Mounting plugin DatasmithContent
LogPluginManager: Mounting plugin AlembicImporter
LogPluginManager: Mounting plugin AppleImageUtils
LogPluginManager: Mounting plugin AppleVision
LogPluginManager: Mounting plugin BackChannel
LogPluginManager: Mounting plugin CharacterAI
LogPluginManager: Mounting plugin GeometryCache
LogPluginManager: Mounting plugin HTML5Networking
LogPluginManager: Mounting plugin ProxyLODPlugin
LogPluginManager: Mounting plugin RawInput
LogPluginManager: Mounting plugin MagicLeap
LogPluginManager: Mounting plugin MagicLeapEmulator
LogPluginManager: Mounting plugin MagicLeapMedia
LogPluginManager: Mounting plugin AndroidMedia
LogPluginManager: Mounting plugin AvfMedia
LogPluginManager: Mounting plugin ImgMedia
LogPluginManager: Mounting plugin LinearTimecode
LogPluginManager: Mounting plugin MediaCompositing
LogPluginManager: Mounting plugin MediaPlayerEditor
LogPluginManager: Mounting plugin WmfMedia
LogPluginManager: Mounting plugin TcpMessaging
LogPluginManager: Mounting plugin UdpMessaging
LogPluginManager: Mounting plugin ActorSequence
LogPluginManager: Mounting plugin LevelSequenceEditor
LogPluginManager: Mounting plugin MatineeToLevelSequence
LogPluginManager: Mounting plugin NetcodeUnitTest
LogPluginManager: Mounting plugin NUTUnrealEngine4
LogPluginManager: Mounting plugin OnlineSubsystemGooglePlay
LogPluginManager: Mounting plugin OnlineSubsystemIOS
LogPluginManager: Mounting plugin OnlineSubsystem
LogPluginManager: Mounting plugin OnlineSubsystemNull
LogPluginManager: Mounting plugin OnlineSubsystemUtils
LogPluginManager: Mounting plugin LauncherChunkInstaller
LogPluginManager: Mounting plugin AndroidDeviceProfileSelector
LogPluginManager: Mounting plugin AndroidMoviePlayer
LogPluginManager: Mounting plugin AndroidPermission
LogPluginManager: Mounting plugin AppleMoviePlayer
LogPluginManager: Mounting plugin ArchVisCharacter
LogPluginManager: Mounting plugin AudioCapture
LogPluginManager: Mounting plugin CableComponent
LogPluginManager: Mounting plugin CustomMeshComponent
LogPluginManager: Mounting plugin EditableMesh
LogPluginManager: Mounting plugin ExampleDeviceProfileSelector
LogPluginManager: Mounting plugin GoogleCloudMessaging
LogPluginManager: Mounting plugin ImmediatePhysics
LogPluginManager: Mounting plugin IOSDeviceProfileSelector
LogPluginManager: Mounting plugin LinuxDeviceProfileSelector
LogPluginManager: Mounting plugin LocationServicesBPLibrary
LogPluginManager: Mounting plugin MobilePatchingUtils
LogPluginManager: Mounting plugin OculusVR
LogPluginManager: Plugin shader directory ../../../Engine/Plugins/Runtime/Oculus/OculusVR/Shaders found
LogPluginManager: Mapping shader source directory ../../../Engine/Plugins/Runtime/Oculus/OculusVR/Shaders to virtual directory /Plugin/OculusVR
LogPluginManager: Mounting plugin PhysXVehicles
LogPluginManager: Mounting plugin ProceduralMeshComponent
LogPluginManager: Mounting plugin RuntimePhysXCooking
LogPluginManager: Mounting plugin SteamVR
LogPluginManager: Mounting plugin WindowsMoviePlayer
LogStreaming: Display: Took  0.103s to configure plugins.
LogInit: Using libcurl 7.55.1-DEV
LogInit:  - built for x86_64-pc-win32
LogInit:  - supports SSL with OpenSSL/1.0.2h
LogInit:  - supports HTTP deflate (compression) using libz 1.2.8
LogInit:  - other features:
LogInit:      CURL_VERSION_SSL
LogInit:      CURL_VERSION_LIBZ
LogInit:      CURL_VERSION_IPV6
LogInit:      CURL_VERSION_ASYNCHDNS
LogInit:      CURL_VERSION_LARGEFILE
LogInit:      CURL_VERSION_IDN
LogInit:  CurlRequestOptions (configurable via config and command line):
LogInit:  - bVerifyPeer = false  - Libcurl will NOT verify peer certificate
LogInit:  - bUseHttpProxy = false  - Libcurl will NOT use HTTP proxy
LogInit:  - bDontReuseConnections = false  - Libcurl will reuse connections
LogInit:  - CertBundlePath = nullptr  - Libcurl will use whatever was configured at build time.
LogInit:  - MaxHostConnections = 16  - Libcurl will limit the number of connections to a host
LogInit:  - LocalHostAddr = Default
LogInit:  - BufferSize = 65536
LogInit: WinSock: version 1.1 (2.2), MaxSocks=32767, MaxUdp=65467
LogInit: Build: ++UE4+Release-4.20-CL-4369336
LogInit: Engine Version: 4.20.3-4369336+++UE4+Release-4.20
LogInit: Compatible Engine Version: 4.20.0-4212847+++UE4+Release-4.20
LogInit: Net CL: 4212847
LogInit: OS: Windows 10 (), CPU: Intel(R) Core(TM) i7-7700HQ CPU @ 2.80GHz, GPU: Intel(R) HD Graphics 630
LogInit: Compiled (64-bit): Sep 17 2018 12:26:19
LogInit: Compiled with Visual C++: 19.13.26129.00
LogInit: Build Configuration: Development
LogInit: Branch Name: ++UE4+Release-4.20
LogInit: Command Line:  
LogInit: Base Directory: D:/Program Files/UE_4.20/Engine/Binaries/Win64/
LogInit: Installed Engine Build: 1
LogDevObjectVersion: Number of dev versions registered: 20
LogDevObjectVersion:   Dev-Blueprints (B0D832E4-1F89-4F0D-ACCF-7EB736FD4AA2): 10
LogDevObjectVersion:   Dev-Build (E1C64328-A22C-4D53-A36C-8E866417BD8C): 0
LogDevObjectVersion:   Dev-Core (375EC13C-06E4-48FB-B500-84F0262A717E): 2
LogDevObjectVersion:   Dev-Editor (E4B068ED-F494-42E9-A231-DA0B2E46BB41): 24
LogDevObjectVersion:   Dev-Framework (CFFC743F-43B0-4480-9391-14DF171D2073): 34
LogDevObjectVersion:   Dev-Mobile (B02B49B5-BB20-44E9-A304-32B752E40360): 2
LogDevObjectVersion:   Dev-Networking (A4E4105C-59A1-49B5-A7C5-40C4547EDFEE): 0
LogDevObjectVersion:   Dev-Online (39C831C9-5AE6-47DC-9A44-9C173E1C8E7C): 0
LogDevObjectVersion:   Dev-Physics (78F01B33-EBEA-4F98-B9B4-84EACCB95AA2): 0
LogDevObjectVersion:   Dev-Platform (6631380F-2D4D-43E0-8009-CF276956A95A): 0
LogDevObjectVersion:   Dev-Rendering (12F88B9F-8875-4AFC-A67C-D90C383ABD29): 26
LogDevObjectVersion:   Dev-Sequencer (7B5AE74C-D270-4C10-A958-57980B212A5A): 9
LogDevObjectVersion:   Dev-VR (D7296918-1DD6-4BDD-9DE2-64A83CC13884): 2
LogDevObjectVersion:   Dev-LoadTimes (C2A15278-BFE7-4AFE-6C17-90FF531DF755): 1
LogDevObjectVersion:   Private-Geometry (6EACA3D4-40EC-4CC1-B786-8BED09428FC5): 3
LogDevObjectVersion:   Dev-AnimPhys (29E575DD-E0A3-4627-9D10-D276232CDCEA): 17
LogDevObjectVersion:   Dev-ReflectionCapture (6B266CEC-1EC7-4B8F-A30B-E4D90942FC07): 1
LogDevObjectVersion:   Dev-Automation (0DF73D61-A23F-47EA-B727-89E90C41499A): 1
LogDevObjectVersion:   FortniteMain (601D1886-AC64-4F84-AA16-D3DE0DEAC7D6): 12
LogDevObjectVersion:   Dev-Enterprise (9DFFBCD6-494F-0158-E221-12823C92A888): 1
LogStreaming: Display: Took  0.000s to delete old logs.
LogInit: Presizing for max 8388607 objects, including 0 objects not considered by GC, pre-allocating 0 bytes for permanent pool.
LogInit: Object subsystem initialized
[2018.11.27-19.31.20:693][  0]LogInit: Selected Device Profile: [Windows]
[2018.11.27-19.31.20:693][  0]LogInit: Applying CVar settings loaded from the selected device profile: [Windows]
[2018.11.27-19.31.20:758][  0]LogHAL: Display: Platform has ~ 16 GB [17059098624 / 17179869184 / 16], which maps to Larger [LargestMinGB=32, LargerMinGB=12, DefaultMinGB=8, SmallerMinGB=6, SmallestMinGB=0)
[2018.11.27-19.31.20:758][  0]LogInit: Setting Device Profile CVar: [[r.Vulkan.UseRealUBs:1]]
[2018.11.27-19.31.20:758][  0]LogInit: Going up to parent DeviceProfile []
[2018.11.27-19.31.20:772][  0]LogInit: Computer: DESKTOP-PA91GAP
[2018.11.27-19.31.20:772][  0]LogInit: User: Asus
[2018.11.27-19.31.20:772][  0]LogInit: CPU Page size=4096, Cores=4
[2018.11.27-19.31.20:772][  0]LogInit: High frequency timer resolution =2.742192 MHz
[2018.11.27-19.31.20:772][  0]LogMemory: Memory total: Physical=15.9GB (16GB approx)
[2018.11.27-19.31.20:772][  0]LogMemory: Platform Memory Stats for Windows
[2018.11.27-19.31.20:772][  0]LogMemory: Process Physical Memory: 100.25 MB used, 100.25 MB peak
[2018.11.27-19.31.20:772][  0]LogMemory: Process Virtual Memory: 90.98 MB used, 90.98 MB peak
[2018.11.27-19.31.20:772][  0]LogMemory: Physical Memory: 6395.25 MB used,  9873.57 MB free, 16268.82 MB total
[2018.11.27-19.31.20:772][  0]LogMemory: Virtual Memory: 4644.93 MB used,  9873.57 MB free, 134217728.00 MB total
[2018.11.27-19.31.21:001][  0]LogInit: Using OS detected language (tr-TR).
[2018.11.27-19.31.21:001][  0]LogInit: Using OS detected locale (tr-TR).
[2018.11.27-19.31.21:002][  0]LogTextLocalizationManager: No localization for 'tr-TR' exists, so 'en' will be used for the language.
[2018.11.27-19.31.21:568][  0]LogStreaming: Display: Took  0.568s to InitEngineTextLocalization.
[2018.11.27-19.31.21:568][  0]LogInit: Setting process to per monitor DPI aware
[2018.11.27-19.31.21:747][  0]LogSlate: New Slate User Created.  User Index 0, Is Virtual User: 0
[2018.11.27-19.31.21:747][  0]LogSlate: Slate User Registered.  User Index 0, Is Virtual User: 0
[2018.11.27-19.31.22:260][  0]LogHMD: Failed to initialize OpenVR with code 110
[2018.11.27-19.31.22:260][  0]LogD3D11RHI: D3D11 adapters:
[2018.11.27-19.31.22:366][  0]LogD3D11RHI:    0. 'NVIDIA GeForce GTX 1050 Ti' (Feature Level 11_0)
[2018.11.27-19.31.22:366][  0]LogD3D11RHI:       4021/0/8134 MB DedicatedVideo/DedicatedSystem/SharedSystem, Outputs:1, VendorId:0x10de
[2018.11.27-19.31.22:375][  0]LogD3D11RHI:    1. 'Intel(R) HD Graphics 630' (Feature Level 11_0)
[2018.11.27-19.31.22:375][  0]LogD3D11RHI:       128/0/8134 MB DedicatedVideo/DedicatedSystem/SharedSystem, Outputs:0, VendorId:0x8086
[2018.11.27-19.31.22:379][  0]LogD3D11RHI:    2. 'Microsoft Basic Render Driver' (Feature Level 11_0)
[2018.11.27-19.31.22:379][  0]LogD3D11RHI:       0/0/8134 MB DedicatedVideo/DedicatedSystem/SharedSystem, Outputs:0, VendorId:0x1414
[2018.11.27-19.31.22:379][  0]LogD3D11RHI: Chosen D3D11 Adapter: 0
[2018.11.27-19.31.22:406][  0]LogD3D11RHI: Creating new Direct3DDevice
[2018.11.27-19.31.22:406][  0]LogD3D11RHI:     GPU DeviceId: 0x1c8c (for the marketing name, search the web for "GPU Device Id")
[2018.11.27-19.31.22:406][  0]LogWindows: EnumDisplayDevices:
[2018.11.27-19.31.22:406][  0]LogWindows:    0. 'Intel(R) HD Graphics 630' (P:1 D:1)
[2018.11.27-19.31.22:406][  0]LogWindows:    1. 'Intel(R) HD Graphics 630' (P:0 D:0)
[2018.11.27-19.31.22:406][  0]LogWindows:    2. 'Intel(R) HD Graphics 630' (P:0 D:0)
[2018.11.27-19.31.22:407][  0]LogWindows: DebugString: PrimaryIsNotTheChoosenAdapter PrimaryIsNotTheChoosenAdapter PrimaryIsNotTheChoosenAdapter FoundDriverCount:0 
[2018.11.27-19.31.22:407][  0]LogD3D11RHI:     Adapter Name: NVIDIA GeForce GTX 1050 Ti
[2018.11.27-19.31.22:407][  0]LogD3D11RHI:   Driver Version: Unknown (internal:Unknown, unified:Unknown)
[2018.11.27-19.31.22:407][  0]LogD3D11RHI:      Driver Date: Unknown
[2018.11.27-19.31.22:407][  0]LogRHI: Texture pool is 2814 MB (70% of 4021 MB)
[2018.11.27-19.31.22:449][  0]LogD3D11RHI: Async texture creation enabled
[2018.11.27-19.31.22:483][  0]LogD3D11RHI: GPU Timing Frequency: 1000.000000 (Debug: 2 2)
[2018.11.27-19.31.22:485][  0]LogShaderCompilers: Guid format shader working directory is -14 characters bigger than the processId version (../../../../../Users/Asus/Documents/Unreal Projects/Car012/Intermediate/Shaders/WorkingDirectory/13952/).
[2018.11.27-19.31.22:485][  0]LogShaderCompilers: Cleaned the shader compiler working directory 'C:/Users/Asus/AppData/Local/Temp/UnrealShaderWorkingDir/E6ED8A464BE9ED00AB6A37BC05875D86/'.
[2018.11.27-19.31.23:031][  0]LogTemp: Display: Loaded TP AllDesktopTargetPlatform
[2018.11.27-19.31.23:067][  0]LogTemp: Display: Loaded TP MacClientTargetPlatform
[2018.11.27-19.31.23:095][  0]LogTemp: Display: Loaded TP MacNoEditorTargetPlatform
[2018.11.27-19.31.23:119][  0]LogTemp: Display: Loaded TP MacServerTargetPlatform
[2018.11.27-19.31.23:148][  0]LogTemp: Display: Loaded TP MacTargetPlatform
[2018.11.27-19.31.23:180][  0]LogTemp: Display: Loaded TP WindowsClientTargetPlatform
[2018.11.27-19.31.23:195][  0]LogTemp: Display: Loaded TP WindowsNoEditorTargetPlatform
[2018.11.27-19.31.23:211][  0]LogTemp: Display: Loaded TP WindowsServerTargetPlatform
[2018.11.27-19.31.23:221][  0]LogTemp: Display: Loaded TP WindowsTargetPlatform
[2018.11.27-19.31.23:346][  0]LogTemp: Display: Loaded TP AndroidTargetPlatform
[2018.11.27-19.31.23:346][  0]LogTemp: Display: Loaded TP AndroidTargetPlatform
[2018.11.27-19.31.23:346][  0]LogTemp: Display: Loaded TP AndroidTargetPlatform
[2018.11.27-19.31.23:346][  0]LogTemp: Display: Loaded TP AndroidTargetPlatform
[2018.11.27-19.31.23:346][  0]LogTemp: Display: Loaded TP AndroidTargetPlatform
[2018.11.27-19.31.23:346][  0]LogTemp: Display: Loaded TP AndroidTargetPlatform
[2018.11.27-19.31.23:346][  0]LogTemp: Display: Loaded TP AndroidTargetPlatform
[2018.11.27-19.31.23:346][  0]LogTemp: Display: Loaded TP AndroidTargetPlatform
[2018.11.27-19.31.23:346][  0]LogTemp: Display: Loaded TP AndroidTargetPlatform
[2018.11.27-19.31.23:346][  0]LogTemp: Display: Loaded TP AndroidTargetPlatform
[2018.11.27-19.31.23:346][  0]LogTemp: Display: Loaded TP AndroidTargetPlatform
[2018.11.27-19.31.23:346][  0]LogTemp: Display: Loaded TP AndroidTargetPlatform
[2018.11.27-19.31.23:346][  0]LogTemp: Display: Loaded TP AndroidTargetPlatform
[2018.11.27-19.31.23:346][  0]LogTemp: Display: Loaded TP AndroidTargetPlatform
[2018.11.27-19.31.23:346][  0]LogTemp: Display: Loaded TP AndroidTargetPlatform
[2018.11.27-19.31.23:346][  0]LogTemp: Display: Loaded TP AndroidTargetPlatform
[2018.11.27-19.31.23:346][  0]LogTemp: Display: Loaded TP AndroidTargetPlatform
[2018.11.27-19.31.23:346][  0]LogTemp: Display: Loaded TP AndroidTargetPlatform
[2018.11.27-19.31.23:365][  0]LogTemp: Display: Loaded TP HTML5TargetPlatform
[2018.11.27-19.31.23:472][  0]LogTemp: Display: Loaded TP IOSTargetPlatform
[2018.11.27-19.31.23:472][  0]LogTemp: Display: Loaded TP IOSTargetPlatform
[2018.11.27-19.31.23:509][  0]LogTemp: Display: Loaded TP TVOSTargetPlatform
[2018.11.27-19.31.23:510][  0]LogTemp: Display: Loaded TP TVOSTargetPlatform
[2018.11.27-19.31.23:532][  0]LogTemp: Display: Loaded TP LinuxClientTargetPlatform
[2018.11.27-19.31.23:557][  0]LogTemp: Display: Loaded TP LinuxNoEditorTargetPlatform
[2018.11.27-19.31.23:621][  0]LogTemp: Display: Loaded TP LinuxServerTargetPlatform
[2018.11.27-19.31.23:649][  0]LogTemp: Display: Loaded TP LinuxTargetPlatform
[2018.11.27-19.31.23:675][  0]LogTemp: Display: Loaded TP LuminTargetPlatform
[2018.11.27-19.31.23:675][  0]LogTargetPlatformManager: Display: Building Assets For Windows
[2018.11.27-19.31.24:258][  0]LogXGEController: Cleaning working directory: C:/Users/Asus/AppData/Local/Temp/UnrealXGEWorkingDir/
[2018.11.27-19.31.24:258][  0]LogXGEController: Cannot use XGE Controller as Incredibuild is not installed on this machine.
[2018.11.27-19.31.24:259][  0]LogShaderCompilers: Cannot use XGE Shader Compiler as Incredibuild is not installed on this machine.
[2018.11.27-19.31.24:259][  0]LogShaderCompilers: Display: Using Local Shader Compiler.
[2018.11.27-19.31.26:556][  0]LogDerivedDataCache: Display: Max Cache Size: 512 MB
[2018.11.27-19.31.26:906][  0]LogDerivedDataCache: Loaded boot cache 0.35s 71MB C:/Users/Asus/AppData/Local/UnrealEngine/4.20/DerivedDataCache/Boot.ddc.
[2018.11.27-19.31.26:907][  0]LogDerivedDataCache: Display: Loaded Boot cache: C:/Users/Asus/AppData/Local/UnrealEngine/4.20/DerivedDataCache/Boot.ddc
[2018.11.27-19.31.26:907][  0]LogDerivedDataCache: FDerivedDataBackendGraph:  Pak pak cache file ../../../../../Users/Asus/Documents/Unreal Projects/Car012/DerivedDataCache/DDC.ddp not found, will not use a pak cache.
[2018.11.27-19.31.26:907][  0]LogDerivedDataCache: Unable to find inner node Pak for hierarchical cache Hierarchy.
[2018.11.27-19.31.26:907][  0]LogDerivedDataCache: FDerivedDataBackendGraph:  CompressedPak pak cache file ../../../../../Users/Asus/Documents/Unreal Projects/Car012/DerivedDataCache/Compressed.ddp not found, will not use a pak cache.
[2018.11.27-19.31.26:907][  0]LogDerivedDataCache: Unable to find inner node CompressedPak for hierarchical cache Hierarchy.
[2018.11.27-19.31.26:945][  0]LogDerivedDataCache: Display: Pak cache opened for reading ../../../Engine/DerivedDataCache/Compressed.ddp.
[2018.11.27-19.31.26:958][  0]LogDerivedDataCache: Using Local data cache path C:/Users/Asus/AppData/Local/UnrealEngine/Common/DerivedDataCache: Writable
[2018.11.27-19.31.26:958][  0]LogDerivedDataCache: Shared data cache path not found in *engine.ini, will not use an Shared cache.
[2018.11.27-19.31.26:958][  0]LogDerivedDataCache: Unable to find inner node Shared for hierarchical cache Hierarchy.
[2018.11.27-19.31.26:979][  0]LogMaterial: Verifying Global Shaders for PCD3D_SM5
[2018.11.27-19.31.26:981][  0]LogSlate: Using FreeType 2.6.0
[2018.11.27-19.31.26:998][  0]LogSlate: SlateFontServices - WITH_FREETYPE: 1, WITH_HARFBUZZ: 1
[2018.11.27-19.31.27:360][  0]LogAssetRegistry: FAssetRegistry took 0.0277 seconds to start up
[2018.11.27-19.31.27:828][  0]LogInit: Selected Device Profile: [Windows]
[2018.11.27-19.31.28:190][  0]LogSimplygon: Simplygon DLL not present - disabling.
[2018.11.27-19.31.28:236][  0]LogMeshReduction: Using SimplygonSwarm for distributed automatic mesh merging
[2018.11.27-19.31.28:236][  0]LogMeshReduction: Using ProxyLODMeshReduction for automatic mesh merging
[2018.11.27-19.31.28:237][  0]LogMeshReduction: Using QuadricMeshReduction for automatic static mesh reduction
[2018.11.27-19.31.28:237][  0]LogMeshReduction: No automatic skeletal mesh reduction module available
[2018.11.27-19.31.28:284][  0]LogNetVersion: Car012 1.0.0, NetCL: 4212847, EngineNetVer: 5, GameNetVer: 0 (Checksum: 3333073099)
[2018.11.27-19.31.28:928][  0]LogPackageLocalizationCache: Processed 11 localized package path(s) for 1 prioritized culture(s) in 0.043193 seconds
[2018.11.27-19.31.28:935][  0]LogUObjectArray: 38425 objects as part of root set at end of initial load.
[2018.11.27-19.31.28:935][  0]LogUObjectAllocator: 6690864 out of 0 bytes used by permanent object pool.
[2018.11.27-19.31.28:935][  0]LogUObjectArray: CloseDisregardForGC: 0/0 objects in disregard for GC pool
[2018.11.27-19.31.33:955][  0]LogTcpMessaging: Initializing TcpMessaging bridge
[2018.11.27-19.31.33:982][  0]LogUdpMessaging: Initializing bridge on interface 0.0.0.0:0 to multicast group 230.0.0.1:6666.
[2018.11.27-19.31.34:562][  0]SourceControl: Source control is disabled
[2018.11.27-19.31.36:365][  0]LogAndroidPermission: UAndroidPermissionCallbackProxy::GetInstance
[2018.11.27-19.31.36:507][  0]LogOcInput: OculusInput pre-init called
[2018.11.27-19.31.36:725][  0]LogEngine: Initializing Engine...
[2018.11.27-19.31.36:725][  0]LogHMD: Failed to initialize OpenVR with code 110
[2018.11.27-19.31.36:727][  0]LogStats: UGameplayTagsManager::ConstructGameplayTagTree: ImportINI prefixes -  0.000 s
[2018.11.27-19.31.36:727][  0]LogStats: UGameplayTagsManager::ConstructGameplayTagTree: Construct from data asset -  0.000 s
[2018.11.27-19.31.36:727][  0]LogStats: UGameplayTagsManager::ConstructGameplayTagTree: ImportINI -  0.000 s
[2018.11.27-19.31.36:727][  0]LogStats: UGameplayTagsManager::ConstructGameplayTagTree: GameplayTagTreeChangedEvent.Broadcast -  0.000 s
[2018.11.27-19.31.37:070][  0]LogInit: Initializing FReadOnlyCVARCache
[2018.11.27-19.31.37:158][  0]LogAIModule: Creating AISystem for world Untitled
[2018.11.27-19.31.37:167][  0]LogInit: XAudio2 using 'Speakers (Realtek High Definition Audio)' : 2 channels at 48 kHz using 32 bits per sample (channel mask 0x3)
[2018.11.27-19.31.37:482][  0]LogInit: FAudioDevice initialized.
[2018.11.27-19.31.37:482][  0]LogNetVersion: Set ProjectVersion to 1.0.0.0. Version Checksum will be recalculated on next use.
[2018.11.27-19.31.37:617][  0]LogDerivedDataCache: Saved boot cache 0.13s 71MB C:/Users/Asus/AppData/Local/UnrealEngine/4.20/DerivedDataCache/Boot.ddc.
[2018.11.27-19.31.37:629][  0]LogInit: Texture streaming: Enabled
[2018.11.27-19.31.37:708][  0]LogEngineSessionManager: EngineSessionManager initialized
[2018.11.27-19.31.37:762][  0]LogInit: Transaction tracking system initialized
[2018.11.27-19.31.37:928][  0]BlueprintLog: New page: Editor Load
[2018.11.27-19.31.38:819][  0]LocalizationService: Localization service is disabled
[2018.11.27-19.31.39:267][  0]LogLinker: Warning: Can't find file '/Game/ThirdPersonBP/ThirdPersonOverview'
[2018.11.27-19.31.39:267][  0]LogLinker: Warning: Can't find file '/Game/ThirdPersonBP/ThirdPersonOverview'
[2018.11.27-19.31.39:267][  0]LogUObjectGlobals: Warning: Failed to find object 'Class /Game/ThirdPersonBP/ThirdPersonOverview.ThirdPersonOverview_C'
[2018.11.27-19.31.40:243][  0]LogCook: Display: Max memory allowance for cook 16384mb min free memory 0mb
[2018.11.27-19.31.40:243][  0]LogCook: Display: Mobile HDR setting 1
[2018.11.27-19.31.40:243][  0]LogGameplayTags: Display: UGameplayTagsManager::DoneAddingNativeTags. DelegateIsBound: 0
[2018.11.27-19.31.40:243][  0]LogStats: UGameplayTagsManager::ConstructGameplayTagTree: ImportINI prefixes -  0.000 s
[2018.11.27-19.31.40:243][  0]LogStats: UGameplayTagsManager::ConstructGameplayTagTree: Construct from data asset -  0.000 s
[2018.11.27-19.31.40:243][  0]LogStats: UGameplayTagsManager::ConstructGameplayTagTree: ImportINI -  0.000 s
[2018.11.27-19.31.40:243][  0]LogStats: UGameplayTagsManager::ConstructGameplayTagTree: GameplayTagTreeChangedEvent.Broadcast -  0.000 s
[2018.11.27-19.31.40:324][  0]LogFileCache: Scanning file cache for directory 'D:/Users/Asus/Documents/Unreal Projects/Car012/Content/' took 0.02s
[2018.11.27-19.31.42:783][  0]Cmd: MAP LOAD FILE="../../../../../Users/Asus/Documents/Unreal Projects/Car012/Content/VehicleAdvBP/Maps/VehicleAdvExampleMap.umap" TEMPLATE=0 SHOWPROGRESS=1 FEATURELEVEL=3
[2018.11.27-19.31.42:784][  0]LightingResults: New page: Lighting Build
[2018.11.27-19.31.42:854][  0]MapCheck: New page: Map Check
[2018.11.27-19.31.42:854][  0]LightingResults: New page: Lighting Build
[2018.11.27-19.31.43:327][  0]LogLinker: Warning: Can't find file '/Game/VehicleAdv/ArenaMesh/RampTwist'
[2018.11.27-19.31.43:328][  0]LogLinker: Warning: Can't find file for asset '/Game/VehicleAdv/ArenaMesh/RampTwist' while loading ../../../../../Users/Asus/Documents/Unreal Projects/Car012/Content/VehicleAdvBP/Maps/VehicleAdvExampleMap.umap.
[2018.11.27-19.31.43:328][  0]LoadErrors: Error: /Game/VehicleAdvBP/Maps/VehicleAdvExampleMap : Can't find file for asset. /Game/VehicleAdv/ArenaMesh/RampTwist
[2018.11.27-19.31.43:373][  0]LogLinker: Warning: Can't find file '/Game/VehicleAdv/ArenaMesh/RampTwist'
[2018.11.27-19.31.43:373][  0]LogLinker: Warning: Can't find file for asset '/Game/VehicleAdv/ArenaMesh/RampTwist' while loading ../../../../../Users/Asus/Documents/Unreal Projects/Car012/Content/VehicleAdvBP/Maps/VehicleAdvExampleMap.umap.
[2018.11.27-19.31.43:373][  0]LoadErrors: Error: /Game/VehicleAdvBP/Maps/VehicleAdvExampleMap : Can't find file for asset. /Game/VehicleAdv/ArenaMesh/RampTwist
[2018.11.27-19.31.43:698][  0]LogLinker: Warning: Can't find file '/Game/VehicleAdv/ArenaMesh/RampTwist'
[2018.11.27-19.31.43:698][  0]LoadErrors: Failed to load /Game/VehicleAdv/ArenaMesh/RampTwist.RampTwist Referenced by StaticMeshComponent0
[2018.11.27-19.31.43:698][  0]LogLinker: Warning: Can't find file for asset '/Game/VehicleAdv/ArenaMesh/RampTwist' while loading NULL.
[2018.11.27-19.31.43:698][  0]LoadErrors: Failed to load /Game/VehicleAdv/ArenaMesh/RampTwist.RampTwist Referenced by StaticMeshComponent0
[2018.11.27-19.31.45:108][  0]LogAIModule: Creating AISystem for world VehicleAdvExampleMap
[2018.11.27-19.31.45:170][  0]LogEditorServer: Finished looking for orphan Actors (0.000 secs)
[2018.11.27-19.31.45:196][  0]Cmd: MAP CHECKDEP NOCLEARLOG
[2018.11.27-19.31.45:254][  0]MapCheck: Map check complete: 0 Error(s), 0 Warning(s), took 57,851ms to complete.
[2018.11.27-19.31.45:254][  0]LogFileHelpers: Loading map 'VehicleAdvExampleMap' took 2.471
[2018.11.27-19.31.45:477][  0]LogSlate: Updating window title bar state: overlay mode, drag disabled, window buttons hidden, title bar hidden
[2018.11.27-19.31.45:487][  0]LogSlate: Updating window title bar state: overlay mode, drag disabled, window buttons hidden, title bar hidden
[2018.11.27-19.31.45:495][  0]LogSlate: Updating window title bar state: overlay mode, drag disabled, window buttons hidden, title bar hidden
[2018.11.27-19.31.45:504][  0]LogSlate: Updating window title bar state: overlay mode, drag disabled, window buttons hidden, title bar hidden
[2018.11.27-19.31.45:566][  0]LogCollectionManager: Loaded 0 collections in 0.001605 seconds
[2018.11.27-19.31.45:699][  0]LogFileCache: Scanning file cache for directory 'D:/Users/Asus/Documents/Unreal Projects/Car012/Saved/Collections/' took 0.01s
[2018.11.27-19.31.45:699][  0]LogFileCache: Scanning file cache for directory 'D:/Users/Asus/Documents/Unreal Projects/Car012/Content/Developers/Asus/Collections/' took 0.01s
[2018.11.27-19.31.45:699][  0]LogFileCache: Scanning file cache for directory 'D:/Users/Asus/Documents/Unreal Projects/Car012/Content/Collections/' took 0.01s
[2018.11.27-19.31.45:699][  0]LogCollectionManager: Rebuilt the GUID cache for 0 collections in 0.000000 seconds
[2018.11.27-19.31.45:711][  0]LogContentBrowser: Native class hierarchy populated in 0.0111 seconds. Added 2574 classes and 606 folders.
[2018.11.27-19.31.45:809][  0]LogContentBrowser: Native class hierarchy updated for 'WidgetCarousel' in 0.0008 seconds. Added 0 classes and 0 folders.
[2018.11.27-19.31.48:514][  0]LogContentBrowser: Native class hierarchy updated for 'AddContentDialog' in 0.0002 seconds. Added 0 classes and 0 folders.
[2018.11.27-19.31.48:538][  0]LogContentBrowser: Native class hierarchy updated for 'SceneOutliner' in 0.0002 seconds. Added 1 classes and 2 folders.
[2018.11.27-19.31.48:616][  0]LogSlate: Took 0.016495 seconds to synchronously load lazily loaded font '../../../Engine/Content/Slate/Fonts/Roboto-Regular.ttf' (155K)
[2018.11.27-19.31.48:627][  0]LogSlate: Took 0.009595 seconds to synchronously load lazily loaded font '../../../Engine/Content/Slate/Fonts/Roboto-Bold.ttf' (160K)
[2018.11.27-19.31.48:641][  0]LogSlate: Took 0.009738 seconds to synchronously load lazily loaded font '../../../Engine/Content/Editor/Slate/Fonts/FontAwesome.ttf' (139K)
[2018.11.27-19.31.48:749][  0]LogRenderer: Reallocating scene render targets to support 788x436 Format 10 NumSamples 1 (Frame:1).
[2018.11.27-19.31.48:962][  0]LogContentBrowser: Native class hierarchy updated for 'HierarchicalLODOutliner' in 0.0003 seconds. Added 0 classes and 0 folders.
[2018.11.27-19.31.48:962][  0]LogLoad: (Engine Initialization) Total time: 49.23 seconds
[2018.11.27-19.31.48:962][  0]LogLoad: (Engine Initialization) Total Blueprint compile time: 0.00 seconds
[2018.11.27-19.31.48:986][  0]LogRawInputWindows: Warning: Found device 0 devices
[2018.11.27-19.31.48:987][  0]LogRawInputWindows: Warning: Found device 0 devices
[2018.11.27-19.31.48:987][  0]LogRawInputWindows: Warning: Device was registered succesfully but not connected (Usage:4 UsagePage:1)
[2018.11.27-19.31.48:987][  0]LogRawInputWindows: Warning: Found device 1 devices
[2018.11.27-19.31.48:987][  0]LogRawInputWindows: Warning: Device was registered succesfully but not connected (Usage:5 UsagePage:1)
[2018.11.27-19.31.49:008][  0]LogContentStreaming: Texture pool size now 1000 MB
[2018.11.27-19.31.49:013][  0]LogSlate: FSceneViewport::OnFocusLost() reason 2
[2018.11.27-19.31.49:058][  0]LogSlate: Took 0.007021 seconds to synchronously load lazily loaded font '../../../Engine/Content/Slate/Fonts/Roboto-Light.ttf' (167K)
[2018.11.27-19.31.49:364][  1]LogAssetRegistry: Asset discovery search completed in 22.0264 seconds
[2018.11.27-19.31.49:366][  1]LogCollectionManager: Rebuilt the object cache for 0 collections in 0.000000 seconds (found 0 objects)
[2018.11.27-19.31.49:366][  1]LogCollectionManager: Fixed up redirectors for 0 collections in 0.000057 seconds (updated 0 objects)
[2018.11.27-19.32.07:142][164]LogSlate: Window 'Message Log' being destroyed
[2018.11.27-19.32.07:146][164]LogSlate: Window 'Message Log' being destroyed
[2018.11.27-19.32.09:987][332]LogSlate: FSceneViewport::OnFocusLost() reason 2
[2018.11.27-19.33.52:621][ 11]SourceControl: fatal: D:/Program Files/UE_4.20/Engine/Content: 'D:/Program Files/UE_4.20/Engine/Content' is outside repository
[2018.11.27-19.33.52:733][ 11]EditorErrors: Warning: No assets to check in!
[2018.11.27-19.33.59:039][385]LogSlate: Window 'Message Log' being destroyed
[2018.11.27-19.33.59:044][385]LogSlate: Window 'Message Log' being destroyed
[2018.11.27-19.34.13:995][264]LogActorFactory: Actor Factory created Shape_NarrowCapsule
[2018.11.27-19.34.14:392][287]LogActorFactory: Actor Factory created Shape_NarrowCapsule
[2018.11.27-19.34.17:635][468]LogSlate: FSceneViewport::OnFocusLost() reason 2
[2018.11.27-19.34.18:932][546]SourceControl: fatal: D:/Program Files/UE_4.20/Engine/Content: 'D:/Program Files/UE_4.20/Engine/Content' is outside repository
[2018.11.27-19.34.19:060][546]EditorErrors: Warning: No assets to check in!
[2018.11.27-19.34.20:827][648]LogEditorViewport: Clicking on Actor (LMB): LightmassImportanceVolume (LightmassImportanceVolume)
[2018.11.27-19.34.21:428][671]LogSlate: FSceneViewport::OnFocusLost() reason 2
[2018.11.27-19.34.21:526][671]LogSlate: Took 0.000162 seconds to synchronously load lazily loaded font '../../../Engine/Content/Slate/Fonts/Roboto-Light.ttf' (167K)
[2018.11.27-19.34.21:528][671]LogSlate: FSceneViewport::OnFocusLost() reason 2
[2018.11.27-19.34.21:821][671]LogSavePackage: Moving '../../../../../Users/Asus/Documents/Unreal Projects/Car012/Saved/VehicleAdvExampleMap23DBEDA54AB334863728C7B8ED79B511.tmp' to '../../../../../Users/Asus/Documents/Unreal Projects/Car012/Content/VehicleAdvBP/Maps/VehicleAdvExampleMap.umap'
[2018.11.27-19.34.22:945][671]LogSavePackage: Moving '../../../../../Users/Asus/Documents/Unreal Projects/Car012/Saved/VehicleAdvExampleMap_BuiltData284FDA2E46D867E8214A719FFCEC0D23.tmp' to '../../../../../Users/Asus/Documents/Unreal Projects/Car012/Content/VehicleAdvBP/Maps/VehicleAdvExampleMap_BuiltData.uasset'
[2018.11.27-19.34.24:775][776]SourceControl: fatal: D:/Program Files/UE_4.20/Engine/Content: 'D:/Program Files/UE_4.20/Engine/Content' is outside repository
[2018.11.27-19.34.27:484][776]LogSlate: Window 'Submit Files' being destroyed
[2018.11.27-19.34.29:440][776]LogSourceControl: commit successful: [master 7350501] ccvddf
[2018.11.27-19.34.29:528][776]SourceControl: [master 7350501] ccvddf
[2018.11.27-19.34.29:528][776]SourceControl:  2 files changed, 0 insertions(+), 0 deletions(-)
[2018.11.27-19.34.29:533][776]SourceControl: Commited [master 7350501] ccvddf.
[2018.11.27-19.34.50:755][ 44]LogSlate: Window 'Message Log' being destroyed
[2018.11.27-19.34.50:758][ 44]LogSlate: Window 'Message Log' being destroyed
[2018.11.27-20.19.03:099][153]LogTemp: Repeating last play command: Selected Viewport
[2018.11.27-20.19.03:108][153]LogPlayLevel: PlayLevel: No blueprints needed recompiling
[2018.11.27-20.19.03:122][153]PIE: New page: PIE session: VehicleAdvExampleMap (28 Kas 2018 01:19:03)
[2018.11.27-20.19.03:122][153]LogPlayLevel: Creating play world package: /Game/VehicleAdvBP/Maps/UEDPIE_0_VehicleAdvExampleMap
[2018.11.27-20.19.03:431][153]LogPlayLevel: PIE: StaticDuplicateObject took: (0.309702s)
[2018.11.27-20.19.03:433][153]LogAIModule: Creating AISystem for world VehicleAdvExampleMap
[2018.11.27-20.19.03:433][153]LogPlayLevel: PIE: World Init took: (0.001912s)
[2018.11.27-20.19.03:433][153]LogPlayLevel: PIE: Created PIE world by copying editor world from /Game/VehicleAdvBP/Maps/VehicleAdvExampleMap.VehicleAdvExampleMap to /Game/VehicleAdvBP/Maps/UEDPIE_0_VehicleAdvExampleMap.VehicleAdvExampleMap (0.312078s)
[2018.11.27-20.19.03:469][153]LogInit: XAudio2 using 'Speakers (Realtek High Definition Audio)' : 2 channels at 48 kHz using 32 bits per sample (channel mask 0x3)
[2018.11.27-20.19.03:535][153]LogInit: FAudioDevice initialized.
[2018.11.27-20.19.03:585][153]LogLoad: Game class is 'VehicleAdvGameMode_C'
[2018.11.27-20.19.03:593][153]LogWorld: Bringing World /Game/VehicleAdvBP/Maps/UEDPIE_0_VehicleAdvExampleMap.VehicleAdvExampleMap up for play (max tick rate 60) at 2018.11.27-23.19.03
[2018.11.27-20.19.03:593][153]LogWorld: Bringing up level for play took: 0.005171
[2018.11.27-20.19.03:629][153]LogContentBrowser: Native class hierarchy updated for 'MovieSceneCapture' in 0.0003 seconds. Added 10 classes and 0 folders.
[2018.11.27-20.19.03:630][153]PIE: Play in editor start time for /Game/VehicleAdvBP/Maps/UEDPIE_0_VehicleAdvExampleMap 0,168
[2018.11.27-20.19.25:518][464]LogSlate: Updating window title bar state: overlay mode, drag disabled, window buttons hidden, title bar hidden
[2018.11.27-20.19.25:552][464]LogPlayLevel: Display: Shutting down PIE online subsystems
[2018.11.27-20.19.25:578][464]LogSlate: Updating window title bar state: overlay mode, drag disabled, window buttons hidden, title bar hidden
[2018.11.27-20.19.25:631][467]LogPlayLevel: Display: Destroying online subsystem :Context_4
[2018.11.27-20.19.29:969][726]LogSlate: FSceneViewport::OnFocusLost() reason 0
[2018.11.27-20.19.53:476][ 93]LogSlate: Window 'File History' being destroyed
[2018.11.27-20.19.56:366][266]SourceControl: fatal: D:/Program Files/UE_4.20/Engine/Content: 'D:/Program Files/UE_4.20/Engine/Content' is outside repository
[2018.11.27-20.19.56:472][266]EditorErrors: Warning: No assets to check in!
[2018.11.27-20.20.02:139][606]LogSlate: Window 'Message Log' being destroyed
[2018.11.27-20.20.02:143][606]LogSlate: Window 'Message Log' being destroyed
[2018.11.27-20.21.19:705][859]LogSlate: Window 'Car012 - Unreal Editor' being destroyed
[2018.11.27-20.21.19:949][860]Cmd: QUIT_EDITOR
[2018.11.27-20.21.20:085][860]LogWindowsTextInputMethodSystem: Display: IME system now deactivated.
[2018.11.27-20.21.20:098][860]LogExit: Preparing to exit.
[2018.11.27-20.21.20:489][860]LogExit: Editor shut down
[2018.11.27-20.21.20:490][860]LogExit: Transaction tracking system shut down
[2018.11.27-20.21.20:731][860]LogExit: Object subsystem successfully closed.
[2018.11.27-20.21.20:756][860]LogShaderCompilers: Display: Shaders left to compile 0
[2018.11.27-20.21.20:760][860]LogD3D11RHI: Shutdown
[2018.11.27-20.21.20:760][860]LogD3D11RHI: CleanupD3DDevice
[2018.11.27-20.21.20:763][860]LogD3D11RHI: ~FD3D11DynamicRHI
[2018.11.27-20.21.20:774][860]LogModuleManager: Shutting down and abandoning module MovieSceneCapture (616)
[2018.11.27-20.21.20:774][860]LogModuleManager: Shutting down and abandoning module Voice (614)
[2018.11.27-20.21.20:774][860]LogModuleManager: Shutting down and abandoning module HierarchicalLODOutliner (612)
[2018.11.27-20.21.20:774][860]LogModuleManager: Shutting down and abandoning module SceneOutliner (610)
[2018.11.27-20.21.20:774][860]LogModuleManager: Shutting down and abandoning module AddContentDialog (608)
[2018.11.27-20.21.20:774][860]LogModuleManager: Shutting down and abandoning module WidgetCarousel (607)
[2018.11.27-20.21.20:774][860]LogModuleManager: Shutting down and abandoning module EditorWidgets (604)
[2018.11.27-20.21.20:774][860]LogModuleManager: Shutting down and abandoning module CollectionManager (602)
[2018.11.27-20.21.20:774][860]LogModuleManager: Shutting down and abandoning module StatsViewer (600)
[2018.11.27-20.21.20:774][860]LogModuleManager: Shutting down and abandoning module FoliageEdit (598)
[2018.11.27-20.21.20:774][860]LogModuleManager: Shutting down and abandoning module LandscapeEditor (596)
[2018.11.27-20.21.20:774][860]LogModuleManager: Shutting down and abandoning module MeshPaintMode (594)
[2018.11.27-20.21.20:774][860]LogModuleManager: Shutting down and abandoning module SceneDepthPickerMode (592)
[2018.11.27-20.21.20:774][860]LogModuleManager: Shutting down and abandoning module ActorPickerMode (590)
[2018.11.27-20.21.20:774][860]LogModuleManager: Shutting down and abandoning module GeometryMode (588)
[2018.11.27-20.21.20:774][860]LogModuleManager: Shutting down and abandoning module TextureAlignMode (586)
[2018.11.27-20.21.20:774][860]LogModuleManager: Shutting down and abandoning module BspMode (584)
[2018.11.27-20.21.20:774][860]LogModuleManager: Shutting down and abandoning module PIEPreviewDeviceProfileSelector (582)
[2018.11.27-20.21.20:775][860]LogModuleManager: Shutting down and abandoning module SequenceRecorderSections (580)
[2018.11.27-20.21.20:775][860]LogModuleManager: Shutting down and abandoning module AutomationWorker (578)
[2018.11.27-20.21.20:775][860]LogModuleManager: Shutting down and abandoning module AudioCaptureEditor (576)
[2018.11.27-20.21.20:775][860]LogModuleManager: Shutting down and abandoning module SequenceRecorder (575)
[2018.11.27-20.21.20:775][860]LogModuleManager: Shutting down and abandoning module MatineeToLevelSequence (572)
[2018.11.27-20.21.20:775][860]LogModuleManager: Shutting down and abandoning module LevelSequenceEditor (570)
[2018.11.27-20.21.20:776][860]LogModuleManager: Shutting down and abandoning module PlacementMode (569)
[2018.11.27-20.21.20:776][860]LogModuleManager: Shutting down and abandoning module MaterialEditor (568)
[2018.11.27-20.21.20:776][860]LogModuleManager: Shutting down and abandoning module WmfMediaFactory (564)
[2018.11.27-20.21.20:776][860]LogModuleManager: Shutting down and abandoning module WmfMediaEditor (562)
[2018.11.27-20.21.20:776][860]LogModuleManager: Shutting down and abandoning module MediaPlayerEditor (560)
[2018.11.27-20.21.20:776][860]LogModuleManager: Shutting down and abandoning module OpenExrWrapper (558)
[2018.11.27-20.21.20:776][860]LogModuleManager: Shutting down and abandoning module ImgMediaFactory (556)
[2018.11.27-20.21.20:776][860]LogModuleManager: Shutting down and abandoning module ImgMediaEditor (554)
[2018.11.27-20.21.20:776][860]LogModuleManager: Shutting down and abandoning module AvfMediaFactory (552)
[2018.11.27-20.21.20:776][860]LogModuleManager: Shutting down and abandoning module AvfMediaEditor (550)
[2018.11.27-20.21.20:776][860]LogModuleManager: Shutting down and abandoning module AndroidMediaFactory (548)
[2018.11.27-20.21.20:776][860]LogModuleManager: Shutting down and abandoning module AndroidMediaEditor (546)
[2018.11.27-20.21.20:776][860]LogModuleManager: Shutting down and abandoning module MagicLeapCameraPreviewFactory (544)
[2018.11.27-20.21.20:776][860]LogModuleManager: Shutting down and abandoning module MagicLeapMediaFactory (542)
[2018.11.27-20.21.20:776][860]LogModuleManager: Shutting down and abandoning module MagicLeapMediaEditor (540)
[2018.11.27-20.21.20:776][860]LogModuleManager: Shutting down and abandoning module CharacterAI (538)
[2018.11.27-20.21.20:776][860]LogModuleManager: Shutting down and abandoning module SmartSnapping (536)
[2018.11.27-20.21.20:776][860]LogModuleManager: Shutting down and abandoning module SessionServices (534)
[2018.11.27-20.21.20:776][860]LogModuleManager: Shutting down and abandoning module ViewportSnapping (532)
[2018.11.27-20.21.20:776][860]LogModuleManager: Shutting down and abandoning module ViewportInteraction (530)
[2018.11.27-20.21.20:776][860]LogModuleManager: Shutting down and abandoning module ClothPainter (528)
[2018.11.27-20.21.20:776][860]LogModuleManager: Shutting down and abandoning module SkeletalMeshEditor (527)
[2018.11.27-20.21.20:776][860]LogModuleManager: Shutting down and abandoning module LogVisualizer (524)
[2018.11.27-20.21.20:776][860]LogModuleManager: Shutting down and abandoning module IntroTutorials (522)
[2018.11.27-20.21.20:776][860]LogModuleManager: Shutting down and abandoning module GameProjectGeneration (521)
[2018.11.27-20.21.20:776][860]LogModuleManager: Shutting down and abandoning module LuminPlatformEditor (518)
[2018.11.27-20.21.20:776][860]LogModuleManager: Shutting down and abandoning module IOSPlatformEditor (516)
[2018.11.27-20.21.20:776][860]LogModuleManager: Shutting down and abandoning module HTML5PlatformEditor (514)
[2018.11.27-20.21.20:776][860]LogModuleManager: Shutting down and abandoning module AndroidPlatformEditor (512)
[2018.11.27-20.21.20:776][860]LogModuleManager: Shutting down and abandoning module AndroidDeviceDetection (511)
[2018.11.27-20.21.21:757][860]LogModuleManager: Shutting down and abandoning module WindowsPlatformEditor (508)
[2018.11.27-20.21.21:757][860]LogModuleManager: Shutting down and abandoning module LuminRuntimeSettings (506)
[2018.11.27-20.21.21:757][860]LogModuleManager: Shutting down and abandoning module IOSRuntimeSettings (504)
[2018.11.27-20.21.21:757][860]LogModuleManager: Shutting down and abandoning module AndroidRuntimeSettings (502)
[2018.11.27-20.21.21:757][860]LogModuleManager: Shutting down and abandoning module InputBindingEditor (500)
[2018.11.27-20.21.21:757][860]LogModuleManager: Shutting down and abandoning module MergeActors (498)
[2018.11.27-20.21.21:757][860]LogModuleManager: Shutting down and abandoning module LocalizationDashboard (496)
[2018.11.27-20.21.21:757][860]LogModuleManager: Shutting down and abandoning module LocalizationService (495)
[2018.11.27-20.21.21:757][860]LogModuleManager: Shutting down and abandoning module HardwareTargeting (492)
[2018.11.27-20.21.21:757][860]LogModuleManager: Shutting down and abandoning module DeviceProfileEditor (490)
[2018.11.27-20.21.21:757][860]LogModuleManager: Shutting down and abandoning module UndoHistory (488)
[2018.11.27-20.21.21:758][860]LogModuleManager: Shutting down and abandoning module XmlParser (486)
[2018.11.27-20.21.21:758][860]LogModuleManager: Shutting down and abandoning module Blutility (484)
[2018.11.27-20.21.21:758][860]LogModuleManager: Shutting down and abandoning module ProjectSettingsViewer (482)
[2018.11.27-20.21.21:758][860]LogModuleManager: Shutting down and abandoning module ProjectTargetPlatformEditor (481)
[2018.11.27-20.21.21:758][860]LogModuleManager: Shutting down and abandoning module EditorSettingsViewer (478)
[2018.11.27-20.21.21:758][860]LogModuleManager: Shutting down and abandoning module SettingsEditor (476)
[2018.11.27-20.21.21:758][860]LogModuleManager: Shutting down and abandoning module ProjectLauncher (474)
[2018.11.27-20.21.21:758][860]LogModuleManager: Shutting down and abandoning module SessionFrontend (472)
[2018.11.27-20.21.21:758][860]LogModuleManager: Shutting down and abandoning module ProfilerClient (470)
[2018.11.27-20.21.21:758][860]LogModuleManager: Shutting down and abandoning module DeviceManager (468)
[2018.11.27-20.21.21:758][860]LogModuleManager: Shutting down and abandoning module TargetDeviceServices (467)
[2018.11.27-20.21.21:822][860]LogModuleManager: Shutting down and abandoning module AutomationController (464)
[2018.11.27-20.21.21:822][860]LogModuleManager: Shutting down and abandoning module AutomationWindow (462)
[2018.11.27-20.21.21:822][860]LogModuleManager: Shutting down and abandoning module Layers (460)
[2018.11.27-20.21.21:822][860]LogModuleManager: Shutting down and abandoning module ComponentVisualizers (458)
[2018.11.27-20.21.21:822][860]LogModuleManager: Shutting down and abandoning module DetailCustomizations (456)
[2018.11.27-20.21.21:822][860]LogModuleManager: Shutting down and abandoning module PackagesDialog (454)
[2018.11.27-20.21.21:822][860]LogModuleManager: Shutting down and abandoning module Persona (452)
[2018.11.27-20.21.21:822][860]LogModuleManager: Shutting down and abandoning module AdvancedPreviewScene (451)
[2018.11.27-20.21.21:822][860]LogModuleManager: Shutting down and abandoning module AnimGraph (449)
[2018.11.27-20.21.21:822][860]LogModuleManager: Shutting down and abandoning module Kismet (446)
[2018.11.27-20.21.21:823][860]LogModuleManager: Shutting down and abandoning module GraphEditor (444)
[2018.11.27-20.21.21:823][860]LogModuleManager: Shutting down and abandoning module ClassViewer (442)
[2018.11.27-20.21.21:823][860]LogModuleManager: Shutting down and abandoning module Toolbox (440)
[2018.11.27-20.21.21:823][860]LogModuleManager: Shutting down and abandoning module ModuleUI (438)
[2018.11.27-20.21.21:823][860]LogModuleManager: Shutting down and abandoning module MovieSceneTools (436)
[2018.11.27-20.21.21:823][860]LogModuleManager: Shutting down and abandoning module OutputLog (434)
[2018.11.27-20.21.21:823][860]LogModuleManager: Shutting down and abandoning module GammaUI (432)
[2018.11.27-20.21.21:823][860]LogModuleManager: Shutting down and abandoning module Documentation (430)
[2018.11.27-20.21.21:823][860]LogModuleManager: Shutting down and abandoning module MovieSceneTracks (428)
[2018.11.27-20.21.21:823][860]LogModuleManager: Shutting down and abandoning module MovieScene (426)
[2018.11.27-20.21.21:823][860]LogModuleManager: Shutting down and abandoning module StreamingPauseRendering (424)
[2018.11.27-20.21.21:823][860]LogModuleManager: Shutting down and abandoning module LauncherPlatform (422)
[2018.11.27-20.21.21:823][860]LogModuleManager: Shutting down and abandoning module AnalyticsET (420)
[2018.11.27-20.21.21:823][860]LogModuleManager: Shutting down and abandoning module PortalServices (418)
[2018.11.27-20.21.21:823][860]LogModuleManager: Shutting down and abandoning module PortalRpc (416)
[2018.11.27-20.21.21:823][860]LogModuleManager: Shutting down and abandoning module MessagingRpc (414)
[2018.11.27-20.21.21:823][860]LogModuleManager: Shutting down and abandoning module AIModule (412)
[2018.11.27-20.21.21:824][860]LogModuleManager: Shutting down and abandoning module GameplayDebugger (411)
[2018.11.27-20.21.21:824][860]LogModuleManager: Shutting down and abandoning module AITestSuite (409)
[2018.11.27-20.21.21:824][860]LogModuleManager: Shutting down and abandoning module NavigationSystem (407)
[2018.11.27-20.21.21:824][860]LogModuleManager: Shutting down and abandoning module DesktopPlatform (404)
[2018.11.27-20.21.21:824][860]LogModuleManager: Shutting down and abandoning module ProfilerService (402)
[2018.11.27-20.21.21:999][860]LogModuleManager: Shutting down and abandoning module TaskGraph (400)
[2018.11.27-20.21.21:999][860]LogModuleManager: Shutting down and abandoning module SteamVRController (398)
[2018.11.27-20.21.21:999][860]LogModuleManager: Shutting down and abandoning module ProceduralMeshComponentEditor (396)
[2018.11.27-20.21.21:999][860]LogModuleManager: Shutting down and abandoning module ProceduralMeshComponent (394)
[2018.11.27-20.21.21:999][860]LogModuleManager: Shutting down and abandoning module OculusInput (392)
[2018.11.27-20.21.21:999][860]LogModuleManager: Shutting down and abandoning module MobilePatchingUtils (390)
[2018.11.27-20.21.21:999][860]LogModuleManager: Shutting down and abandoning module EditableMesh (388)
[2018.11.27-20.21.21:999][860]LogModuleManager: Shutting down and abandoning module CustomMeshComponent (386)
[2018.11.27-20.21.21:999][860]LogModuleManager: Shutting down and abandoning module CableComponent (384)
[2018.11.27-20.21.21:999][860]LogModuleManager: Shutting down and abandoning module AudioCapture (382)
[2018.11.27-20.21.21:999][860]LogModuleManager: Shutting down and abandoning module ArchVisCharacter (380)
[2018.11.27-20.21.21:999][860]LogModuleManager: Shutting down and abandoning module AndroidPermission (378)
[2018.11.27-20.21.21:999][860]LogModuleManager: Shutting down and abandoning module NUTUnrealEngine4 (376)
[2018.11.27-20.21.22:000][860]LogModuleManager: Shutting down and abandoning module NetcodeUnitTest (374)
[2018.11.27-20.21.22:000][860]LogModuleManager: Shutting down and abandoning module MediaCompositingEditor (372)
[2018.11.27-20.21.22:000][860]LogModuleManager: Shutting down and abandoning module MediaCompositing (370)
[2018.11.27-20.21.22:000][860]LogModuleManager: Shutting down and abandoning module LinearTimecode (368)
[2018.11.27-20.21.22:000][860]LogModuleManager: Shutting down and abandoning module ImgMedia (366)
[2018.11.27-20.21.22:004][860]LogModuleManager: Shutting down and abandoning module RawInput (364)
[2018.11.27-20.21.22:004][860]LogModuleManager: Shutting down and abandoning module HTML5Networking (362)
[2018.11.27-20.21.22:004][860]LogModuleManager: Shutting down and abandoning module GeometryCacheTracks (360)
[2018.11.27-20.21.22:004][860]LogModuleManager: Shutting down and abandoning module GeometryCacheSequencer (358)
[2018.11.27-20.21.22:004][860]LogModuleManager: Shutting down and abandoning module BackChannel (356)
[2018.11.27-20.21.22:004][860]LogModuleManager: Shutting down and abandoning module AppleVision (354)
[2018.11.27-20.21.22:004][860]LogModuleManager: Shutting down and abandoning module AppleImageUtils (352)
[2018.11.27-20.21.22:004][860]LogModuleManager: Shutting down and abandoning module AlembicImporter (350)
[2018.11.27-20.21.22:004][860]LogModuleManager: Shutting down and abandoning module AlembicLibrary (349)
[2018.11.27-20.21.22:004][860]LogModuleManager: Shutting down and abandoning module GeometryCache (348)
[2018.11.27-20.21.22:004][860]LogModuleManager: Shutting down and abandoning module GeometryCacheEd (347)
[2018.11.27-20.21.22:005][860]LogModuleManager: Shutting down and abandoning module DatasmithContentEditor (342)
[2018.11.27-20.21.22:005][860]LogModuleManager: Shutting down and abandoning module DatasmithContent (340)
[2018.11.27-20.21.22:005][860]LogModuleManager: Shutting down and abandoning module SpeedTreeImporter (338)
[2018.11.27-20.21.22:005][860]LogModuleManager: Shutting down and abandoning module PluginBrowser (336)
[2018.11.27-20.21.22:005][860]LogModuleManager: Shutting down and abandoning module MobileLauncherProfileWizard (334)
[2018.11.27-20.21.22:005][860]LogModuleManager: Shutting down and abandoning module PolygonModeling (332)
[2018.11.27-20.21.22:005][860]LogModuleManager: Shutting down and abandoning module MeshEditor (330)
[2018.11.27-20.21.22:005][860]LogModuleManager: Shutting down and abandoning module CryptoKeysOpenSSL (328)
[2018.11.27-20.21.22:005][860]LogModuleManager: Shutting down and abandoning module CryptoKeys (326)
[2018.11.27-20.21.22:005][860]LogModuleManager: Shutting down and abandoning module VisualStudioSourceCodeAccess (324)
[2018.11.27-20.21.22:005][860]LogModuleManager: Shutting down and abandoning module VisualStudioCodeSourceCodeAccess (322)
[2018.11.27-20.21.22:005][860]LogModuleManager: Shutting down and abandoning module UObjectPlugin (320)
[2018.11.27-20.21.22:005][860]LogModuleManager: Shutting down and abandoning module SubversionSourceControl (318)
[2018.11.27-20.21.22:005][860]LogModuleManager: Shutting down and abandoning module PerforceSourceControl (316)
[2018.11.27-20.21.22:005][860]LogModuleManager: Shutting down and abandoning module GitSourceControl (314)
[2018.11.27-20.21.22:005][860]LogModuleManager: Shutting down and abandoning module SourceControl (313)
[2018.11.27-20.21.22:005][860]LogModuleManager: Shutting down and abandoning module CLionSourceCodeAccess (310)
[2018.11.27-20.21.22:005][860]LogModuleManager: Shutting down and abandoning module LightPropagationVolumeEditor (308)
[2018.11.27-20.21.22:005][860]LogModuleManager: Shutting down and abandoning module PaperTiledImporter (306)
[2018.11.27-20.21.22:005][860]LogModuleManager: Shutting down and abandoning module PaperSpriteSheetImporter (304)
[2018.11.27-20.21.22:005][860]LogModuleManager: Shutting down and abandoning module Paper2DEditor (302)
[2018.11.27-20.21.22:005][860]LogModuleManager: Shutting down and abandoning module MeshPaint (301)
[2018.11.27-20.21.22:005][860]LogModuleManager: Shutting down and abandoning module RuntimePhysXCooking (298)
[2018.11.27-20.21.22:005][860]LogModuleManager: Shutting down and abandoning module PhysXVehiclesEditor (296)
[2018.11.27-20.21.22:005][860]LogModuleManager: Shutting down and abandoning module PhysXVehicles (294)
[2018.11.27-20.21.22:005][860]LogModuleManager: Shutting down and abandoning module OculusEditor (292)
[2018.11.27-20.21.22:006][860]LogModuleManager: Shutting down and abandoning module LocationServicesBPLibrary (290)
[2018.11.27-20.21.22:006][860]LogModuleManager: Shutting down and abandoning module ImmediatePhysicsEditor (288)
[2018.11.27-20.21.22:006][860]LogModuleManager: Shutting down and abandoning module ImmediatePhysics (286)
[2018.11.27-20.21.22:006][860]LogModuleManager: Shutting down and abandoning module ActorSequence (284)
[2018.11.27-20.21.22:006][860]LogModuleManager: Shutting down and abandoning module UdpMessaging (282)
[2018.11.27-20.21.22:107][860]LogModuleManager: Shutting down and abandoning module TcpMessaging (280)
[2018.11.27-20.21.22:208][860]LogModuleManager: Shutting down and abandoning module MagicLeapAudio (278)
[2018.11.27-20.21.22:208][860]LogModuleManager: Shutting down and abandoning module GameplayTagsEditor (276)
[2018.11.27-20.21.22:208][860]LogModuleManager: Shutting down and abandoning module FacialAnimationEditor (274)
[2018.11.27-20.21.22:208][860]LogModuleManager: Shutting down and abandoning module FacialAnimation (272)
[2018.11.27-20.21.22:208][860]LogModuleManager: Shutting down and abandoning module DataValidation (270)
[2018.11.27-20.21.22:208][860]LogModuleManager: Shutting down and abandoning module AssetManagerEditor (268)
[2018.11.27-20.21.22:208][860]LogModuleManager: Shutting down and abandoning module LevelEditor (267)
[2018.11.27-20.21.22:208][860]LogModuleManager: Shutting down and abandoning module PixelInspectorModule (266)
[2018.11.27-20.21.22:208][860]LogModuleManager: Shutting down and abandoning module CommonMenuExtensions (264)
[2018.11.27-20.21.22:208][860]LogModuleManager: Shutting down and abandoning module MainFrame (262)
[2018.11.27-20.21.22:209][860]LogModuleManager: Shutting down and abandoning module HotReload (261)
[2018.11.27-20.21.22:209][860]LogModuleManager: Shutting down and abandoning module ContentBrowser (257)
[2018.11.27-20.21.22:210][860]LogModuleManager: Shutting down and abandoning module TreeMap (255)
[2018.11.27-20.21.22:210][860]LogModuleManager: Shutting down and abandoning module LightPropagationVolumeRuntime (252)
[2018.11.27-20.21.22:210][860]LogModuleManager: Shutting down and abandoning module AISupportModule (250)
[2018.11.27-20.21.22:210][860]LogModuleManager: Shutting down and abandoning module Paper2D (248)
[2018.11.27-20.21.22:210][860]LogModuleManager: Shutting down and abandoning module WindowsMoviePlayer (246)
[2018.11.27-20.21.22:210][860]LogModuleManager: Shutting down and abandoning module WmfMedia (244)
[2018.11.27-20.21.22:211][860]LogModuleManager: Shutting down and abandoning module Media (243)
[2018.11.27-20.21.22:217][860]LogModuleManager: Shutting down and abandoning module PacketHandler (240)
[2018.11.27-20.21.22:217][860]LogModuleManager: Shutting down and abandoning module ClothingSystemEditor (238)
[2018.11.27-20.21.22:217][860]LogModuleManager: Shutting down and abandoning module ClothingSystemRuntime (236)
[2018.11.27-20.21.22:217][860]LogModuleManager: Shutting down and abandoning module MediaAssets (234)
[2018.11.27-20.21.22:217][860]LogModuleManager: Shutting down and abandoning module Overlay (232)
[2018.11.27-20.21.22:217][860]LogModuleManager: Shutting down and abandoning module OverlayEditor (231)
[2018.11.27-20.21.22:217][860]LogModuleManager: Shutting down and abandoning module VREditor (228)
[2018.11.27-20.21.22:217][860]LogModuleManager: Shutting down and abandoning module StringTableEditor (226)
[2018.11.27-20.21.22:217][860]LogModuleManager: Shutting down and abandoning module GameplayTasksEditor (224)
[2018.11.27-20.21.22:217][860]LogModuleManager: Shutting down and abandoning module BehaviorTreeEditor (222)
[2018.11.27-20.21.22:217][860]LogModuleManager: Shutting down and abandoning module FunctionalTesting (220)
[2018.11.27-20.21.22:217][860]LogModuleManager: Shutting down and abandoning module CollisionAnalyzer (218)
[2018.11.27-20.21.22:217][860]LogModuleManager: Shutting down and abandoning module WorkspaceMenuStructure (217)
[2018.11.27-20.21.22:217][860]LogModuleManager: Shutting down and abandoning module UMG (214)
[2018.11.27-20.21.22:217][860]LogModuleManager: Shutting down and abandoning module UMGEditor (213)
[2018.11.27-20.21.22:217][860]LogModuleManager: Shutting down and abandoning module Sequencer (212)
[2018.11.27-20.21.22:218][860]LogModuleManager: Shutting down and abandoning module MessageLog (209)
[2018.11.27-20.21.22:218][860]LogModuleManager: Shutting down and abandoning module SlateReflector (204)
[2018.11.27-20.21.22:218][860]LogModuleManager: Shutting down and abandoning module Slate (202)
[2018.11.27-20.21.22:218][860]LogModuleManager: Shutting down and abandoning module EditorStyle (200)
[2018.11.27-20.21.22:219][860]LogModuleManager: Shutting down and abandoning module MRMesh (198)
[2018.11.27-20.21.22:219][860]LogModuleManager: Shutting down and abandoning module SourceCodeAccess (196)
[2018.11.27-20.21.22:219][860]LogModuleManager: Shutting down and abandoning module HeadMountedDisplay (194)
[2018.11.27-20.21.22:219][860]LogModuleManager: Shutting down and abandoning module XAudio2 (192)
[2018.11.27-20.21.22:219][860]LogModuleManager: Shutting down and abandoning module Networking (190)
[2018.11.27-20.21.22:219][860]LogModuleManager: Shutting down and abandoning module Core (188)
[2018.11.27-20.21.22:219][860]LogModuleManager: Shutting down and abandoning module LevelSequence (186)
[2018.11.27-20.21.22:219][860]LogModuleManager: Shutting down and abandoning module KismetCompiler (184)
[2018.11.27-20.21.22:219][860]LogModuleManager: Shutting down and abandoning module MeshUtilities (182)
[2018.11.27-20.21.22:219][860]LogModuleManager: Shutting down and abandoning module MeshMergeUtilities (181)
[2018.11.27-20.21.22:219][860]LogModuleManager: Shutting down and abandoning module MeshReductionInterface (180)
[2018.11.27-20.21.22:219][860]LogModuleManager: Shutting down and abandoning module SimplygonSwarm (179)
[2018.11.27-20.21.22:219][860]LogModuleManager: Shutting down and abandoning module ProxyLODMeshReduction (177)
[2018.11.27-20.21.22:219][860]LogModuleManager: Shutting down and abandoning module SimplygonMeshReduction (175)
[2018.11.27-20.21.22:219][860]LogModuleManager: Shutting down and abandoning module QuadricMeshReduction (173)
[2018.11.27-20.21.22:219][860]LogModuleManager: Shutting down and abandoning module MaterialBaking (169)
[2018.11.27-20.21.22:219][860]LogModuleManager: Shutting down and abandoning module DirectoryWatcher (165)
[2018.11.27-20.21.22:219][860]LogModuleManager: Shutting down and abandoning module DerivedDataCache (162)
[2018.11.27-20.21.22:320][860]LogDerivedDataCache: Shutdown
[2018.11.27-20.21.22:320][860]LogModuleManager: Shutting down and abandoning module XGEController (160)
[2018.11.27-20.21.22:320][860]LogXGEController: Cleaning working directory: C:/Users/Asus/AppData/Local/Temp/UnrealXGEWorkingDir/
[2018.11.27-20.21.22:320][860]LogModuleManager: Shutting down and abandoning module TargetPlatform (158)
[2018.11.27-20.21.22:320][860]LogModuleManager: Shutting down and abandoning module VulkanShaderFormat (157)
[2018.11.27-20.21.22:320][860]LogModuleManager: Shutting down and abandoning module ShaderFormatVectorVM (155)
[2018.11.27-20.21.22:321][860]LogModuleManager: Shutting down and abandoning module ShaderFormatOpenGL (153)
[2018.11.27-20.21.22:321][860]LogModuleManager: Shutting down and abandoning module ShaderFormatD3D (151)
[2018.11.27-20.21.22:321][860]LogModuleManager: Shutting down and abandoning module MetalShaderFormat (149)
[2018.11.27-20.21.22:321][860]LogModuleManager: Shutting down and abandoning module TextureFormatUncompressed (147)
[2018.11.27-20.21.22:321][860]LogModuleManager: Shutting down and abandoning module TextureFormatPVR (145)
[2018.11.27-20.21.22:321][860]LogModuleManager: Shutting down and abandoning module TextureFormatDXT (143)
[2018.11.27-20.21.22:321][860]LogModuleManager: Shutting down and abandoning module TextureFormatIntelISPCTexComp (141)
[2018.11.27-20.21.22:321][860]LogModuleManager: Shutting down and abandoning module TextureFormatASTC (139)
[2018.11.27-20.21.22:321][860]LogModuleManager: Shutting down and abandoning module ImageWrapper (138)
[2018.11.27-20.21.22:321][860]LogModuleManager: Shutting down and abandoning module TextureFormatAndroid (135)
[2018.11.27-20.21.22:321][860]LogModuleManager: Shutting down and abandoning module AudioFormatOpus (133)
[2018.11.27-20.21.22:321][860]LogModuleManager: Shutting down and abandoning module AudioFormatOgg (131)
[2018.11.27-20.21.22:321][860]LogModuleManager: Shutting down and abandoning module AudioFormatADPCM (129)
[2018.11.27-20.21.22:321][860]LogModuleManager: Shutting down and abandoning module LuminTargetPlatform (127)
[2018.11.27-20.21.22:321][860]LogModuleManager: Shutting down and abandoning module LinuxTargetPlatform (125)
[2018.11.27-20.21.22:321][860]LogModuleManager: Shutting down and abandoning module LinuxServerTargetPlatform (123)
[2018.11.27-20.21.22:321][860]LogModuleManager: Shutting down and abandoning module LinuxNoEditorTargetPlatform (121)
[2018.11.27-20.21.22:321][860]LogModuleManager: Shutting down and abandoning module LinuxClientTargetPlatform (119)
[2018.11.27-20.21.22:322][860]LogModuleManager: Shutting down and abandoning module TVOSTargetPlatform (117)
[2018.11.27-20.21.22:323][860]LogModuleManager: Shutting down and abandoning module Messaging (115)
[2018.11.27-20.21.22:323][860]LogModuleManager: Shutting down and abandoning module IOSTargetPlatform (113)
[2018.11.27-20.21.22:324][860]LogModuleManager: Shutting down and abandoning module HTML5TargetPlatform (111)
[2018.11.27-20.21.22:324][860]LogModuleManager: Shutting down and abandoning module AndroidTargetPlatform (109)
[2018.11.27-20.21.22:334][860]LogModuleManager: Shutting down and abandoning module WindowsTargetPlatform (107)
[2018.11.27-20.21.22:334][860]LogModuleManager: Shutting down and abandoning module WindowsServerTargetPlatform (105)
[2018.11.27-20.21.22:334][860]LogModuleManager: Shutting down and abandoning module WindowsNoEditorTargetPlatform (103)
[2018.11.27-20.21.22:334][860]LogModuleManager: Shutting down and abandoning module WindowsClientTargetPlatform (101)
[2018.11.27-20.21.22:334][860]LogModuleManager: Shutting down and abandoning module MacTargetPlatform (99)
[2018.11.27-20.21.22:334][860]LogModuleManager: Shutting down and abandoning module MacServerTargetPlatform (97)
[2018.11.27-20.21.22:334][860]LogModuleManager: Shutting down and abandoning module MacNoEditorTargetPlatform (95)
[2018.11.27-20.21.22:334][860]LogModuleManager: Shutting down and abandoning module MacClientTargetPlatform (93)
[2018.11.27-20.21.22:334][860]LogModuleManager: Shutting down and abandoning module AllDesktopTargetPlatform (91)
[2018.11.27-20.21.22:334][860]LogModuleManager: Shutting down and abandoning module InputCore (88)
[2018.11.27-20.21.22:334][860]LogModuleManager: Shutting down and abandoning module Settings (86)
[2018.11.27-20.21.22:335][860]LogModuleManager: Shutting down and abandoning module PhysXCooking (84)
[2018.11.27-20.21.22:335][860]LogModuleManager: Shutting down and abandoning module SteamVR (82)
[2018.11.27-20.21.22:335][860]LogModuleManager: Shutting down and abandoning module OculusHMD (80)
[2018.11.27-20.21.22:335][860]LogModuleManager: Shutting down and abandoning module ExampleDeviceProfileSelector (78)
[2018.11.27-20.21.22:335][860]LogModuleManager: Shutting down and abandoning module LauncherChunkInstaller (76)
[2018.11.27-20.21.22:335][860]LogModuleManager: Shutting down and abandoning module OnlineBlueprintSupport (74)
[2018.11.27-20.21.22:335][860]LogModuleManager: Shutting down and abandoning module OnlineSubsystem (70)
[2018.11.27-20.21.22:336][860]LogModuleManager: Shutting down and abandoning module XMPP (65)
[2018.11.27-20.21.22:336][860]LogModuleManager: Shutting down and abandoning module WebSockets (64)
[2018.11.27-20.21.22:359][860]LogModuleManager: Shutting down and abandoning module HTTP (61)
[2018.11.27-20.21.22:359][860]LogHttp: Display: Http module shutting down, but needs to wait on 1 outstanding Http requests:
[2018.11.27-20.21.22:359][860]LogHttp: Display: 	verb=[POST] url=[https://datarouter.ol.epicgames.com/datarouter/api/v1/public/data?SessionID=%7B71D93A90-45BD-0150-F217-389BE067B094%7D&AppID=UEEditor.Rocket.Release&AppVersion=4.20.3-4369336%2B%2B%2BUE4%2BRelease-4.20&UserID=cf7c48a04463f1140696e29ee043e345%7C518bc78f84fc4d0587db4aa8ac518d3c%7Cb9bc0c0c-e192-4a33-801d-1a63f357a9eb&AppEnvironment=datacollector-binary&UploadType=eteventstream] status=Processing
[2018.11.27-20.21.22:394][860]LogModuleManager: Shutting down and abandoning module SSL (60)
[2018.11.27-20.21.22:396][860]LogModuleManager: Shutting down and abandoning module MagicLeapEmulator (56)
[2018.11.27-20.21.22:396][860]LogModuleManager: Shutting down and abandoning module MagicLeapPrivileges (54)
[2018.11.27-20.21.22:396][860]LogModuleManager: Shutting down and abandoning module MagicLeapIdentity (52)
[2018.11.27-20.21.22:396][860]LogModuleManager: Shutting down and abandoning module MagicLeapHelperVulkan (50)
[2018.11.27-20.21.22:396][860]LogModuleManager: Shutting down and abandoning module MagicLeapHelperOpenGL (48)
[2018.11.27-20.21.22:396][860]LogModuleManager: Shutting down and abandoning module MagicLeapSecureStorage (46)
[2018.11.27-20.21.22:396][860]LogModuleManager: Shutting down and abandoning module MagicLeapGestures (44)
[2018.11.27-20.21.22:396][860]LogModuleManager: Shutting down and abandoning module MagicLeapEyeTracker (42)
[2018.11.27-20.21.22:396][860]LogModuleManager: Shutting down and abandoning module MagicLeapController (40)
[2018.11.27-20.21.22:397][860]LogSlate: Slate User Destroyed.  User Index 0, Is Virtual User: 0
[2018.11.27-20.21.22:397][860]LogModuleManager: Shutting down and abandoning module MagicLeap (38)
[2018.11.27-20.21.22:397][860]LogModuleManager: Shutting down and abandoning module AnimationModifiers (36)
[2018.11.27-20.21.22:397][860]LogModuleManager: Shutting down and abandoning module PropertyEditor (35)
[2018.11.27-20.21.22:397][860]LogModuleManager: Shutting down and abandoning module AudioEditor (32)
[2018.11.27-20.21.22:397][860]LogModuleManager: Shutting down and abandoning module TextureCompressor (30)
[2018.11.27-20.21.22:398][860]LogModuleManager: Shutting down and abandoning module ShaderCore (28)
[2018.11.27-20.21.22:398][860]LogModuleManager: Shutting down and abandoning module Landscape (26)
[2018.11.27-20.21.22:398][860]LogModuleManager: Shutting down and abandoning module SlateRHIRenderer (24)
[2018.11.27-20.21.22:398][860]LogModuleManager: Shutting down and abandoning module OpenGLDrv (22)
[2018.11.27-20.21.22:398][860]LogModuleManager: Shutting down and abandoning module D3D11RHI (20)
[2018.11.27-20.21.22:398][860]LogModuleManager: Shutting down and abandoning module AnimGraphRuntime (18)
[2018.11.27-20.21.22:398][860]LogModuleManager: Shutting down and abandoning module Renderer (16)
[2018.11.27-20.21.22:398][860]LogModuleManager: Shutting down and abandoning module Engine (14)
[2018.11.27-20.21.22:398][860]LogModuleManager: Shutting down and abandoning module CoreUObject (12)
[2018.11.27-20.21.22:399][860]LogModuleManager: Shutting down and abandoning module NetworkFile (10)
[2018.11.27-20.21.22:399][860]LogModuleManager: Shutting down and abandoning module CookedIterativeFile (8)
[2018.11.27-20.21.22:399][860]LogModuleManager: Shutting down and abandoning module StreamingFile (6)
[2018.11.27-20.21.22:399][860]LogModuleManager: Shutting down and abandoning module SandboxFile (4)
[2018.11.27-20.21.22:399][860]LogModuleManager: Shutting down and abandoning module PakFile (2)
[2018.11.27-20.21.22:410][860]LogExit: Exiting.
[2018.11.27-20.21.22:420][860]Log file closed, 11/27/18 23:21:22
