Log file open, 11/27/18 23:31:20
LogWindows: Failed to load 'aqProf.dll' (GetLastError=126)
LogWindows: File 'aqProf.dll' does not exist
LogWindows: Failed to load 'VSPerf140.dll' (GetLastError=126)
LogWindows: File 'VSPerf140.dll' does not exist
LogWindows: Failed to load 'VtuneApi.dll' (GetLastError=126)
LogWindows: File 'VtuneApi.dll' does not exist
LogWindows: Failed to load 'VtuneApi32e.dll' (GetLastError=126)
LogWindows: File 'VtuneApi32e.dll' does not exist
LogInit: Display: Running engine for game: Car012
LogPlatformFile: Not using cached read wrapper
LogTaskGraph: Started task graph with 5 named threads and 23 total threads with 3 sets of task threads.
LogStats: Stats thread started at 0.294238
LogD3D11RHI: Loaded GFSDK_Aftermath_Lib.x64.dll
LogICUInternationalization: Display: ICU TimeZone Detection - Raw Offset: +2:00, Platform Override: ''
LogPluginManager: Mounting plugin Paper2D
LogPluginManager: Mounting plugin AISupport
LogPluginManager: Mounting plugin LightPropagationVolume
LogPluginManager: Mounting plugin CLionSourceCodeAccess
LogPluginManager: Mounting plugin CodeLiteSourceCodeAccess
LogPluginManager: Mounting plugin GitSourceControl
LogPluginManager: Mounting plugin KDevelopSourceCodeAccess
LogPluginManager: Mounting plugin NullSourceCodeAccess
LogPluginManager: Mounting plugin PerforceSourceControl
LogPluginManager: Mounting plugin SubversionSourceControl
LogPluginManager: Mounting plugin UObjectPlugin
LogPluginManager: Mounting plugin VisualStudioCodeSourceCodeAccess
LogPluginManager: Mounting plugin VisualStudioSourceCodeAccess
LogPluginManager: Mounting plugin XCodeSourceCodeAccess
LogPluginManager: Mounting plugin AssetManagerEditor
LogPluginManager: Mounting plugin CryptoKeys
LogPluginManager: Mounting plugin DataValidation
LogPluginManager: Mounting plugin FacialAnimation
LogPluginManager: Mounting plugin GameplayTagsEditor
LogPluginManager: Mounting plugin MacGraphicsSwitching
LogPluginManager: Mounting plugin MeshEditor
LogPluginManager: Mounting plugin MobileLauncherProfileWizard
LogPluginManager: Mounting plugin PluginBrowser
LogPluginManager: Mounting plugin SpeedTreeImporter
LogPluginManager: Mounting plugin DatasmithContent
LogPluginManager: Mounting plugin AlembicImporter
LogPluginManager: Mounting plugin AppleImageUtils
LogPluginManager: Mounting plugin AppleVision
LogPluginManager: Mounting plugin BackChannel
LogPluginManager: Mounting plugin CharacterAI
LogPluginManager: Mounting plugin GeometryCache
LogPluginManager: Mounting plugin HTML5Networking
LogPluginManager: Mounting plugin ProxyLODPlugin
LogPluginManager: Mounting plugin RawInput
LogPluginManager: Mounting plugin MagicLeap
LogPluginManager: Mounting plugin MagicLeapEmulator
LogPluginManager: Mounting plugin MagicLeapMedia
LogPluginManager: Mounting plugin AndroidMedia
LogPluginManager: Mounting plugin AvfMedia
LogPluginManager: Mounting plugin ImgMedia
LogPluginManager: Mounting plugin LinearTimecode
LogPluginManager: Mounting plugin MediaCompositing
LogPluginManager: Mounting plugin MediaPlayerEditor
LogPluginManager: Mounting plugin WmfMedia
LogPluginManager: Mounting plugin TcpMessaging
LogPluginManager: Mounting plugin UdpMessaging
LogPluginManager: Mounting plugin ActorSequence
LogPluginManager: Mounting plugin LevelSequenceEditor
LogPluginManager: Mounting plugin MatineeToLevelSequence
LogPluginManager: Mounting plugin NetcodeUnitTest
LogPluginManager: Mounting plugin NUTUnrealEngine4
LogPluginManager: Mounting plugin OnlineSubsystemGooglePlay
LogPluginManager: Mounting plugin OnlineSubsystemIOS
LogPluginManager: Mounting plugin OnlineSubsystem
LogPluginManager: Mounting plugin OnlineSubsystemNull
LogPluginManager: Mounting plugin OnlineSubsystemUtils
LogPluginManager: Mounting plugin LauncherChunkInstaller
LogPluginManager: Mounting plugin AndroidDeviceProfileSelector
LogPluginManager: Mounting plugin AndroidMoviePlayer
LogPluginManager: Mounting plugin AndroidPermission
LogPluginManager: Mounting plugin AppleMoviePlayer
LogPluginManager: Mounting plugin ArchVisCharacter
LogPluginManager: Mounting plugin AudioCapture
LogPluginManager: Mounting plugin CableComponent
LogPluginManager: Mounting plugin CustomMeshComponent
LogPluginManager: Mounting plugin EditableMesh
LogPluginManager: Mounting plugin ExampleDeviceProfileSelector
LogPluginManager: Mounting plugin GoogleCloudMessaging
LogPluginManager: Mounting plugin ImmediatePhysics
LogPluginManager: Mounting plugin IOSDeviceProfileSelector
LogPluginManager: Mounting plugin LinuxDeviceProfileSelector
LogPluginManager: Mounting plugin LocationServicesBPLibrary
LogPluginManager: Mounting plugin MobilePatchingUtils
LogPluginManager: Mounting plugin OculusVR
LogPluginManager: Plugin shader directory ../../../Engine/Plugins/Runtime/Oculus/OculusVR/Shaders found
LogPluginManager: Mapping shader source directory ../../../Engine/Plugins/Runtime/Oculus/OculusVR/Shaders to virtual directory /Plugin/OculusVR
LogPluginManager: Mounting plugin PhysXVehicles
LogPluginManager: Mounting plugin ProceduralMeshComponent
LogPluginManager: Mounting plugin RuntimePhysXCooking
LogPluginManager: Mounting plugin SteamVR
LogPluginManager: Mounting plugin WindowsMoviePlayer
LogStreaming: Display: Took  0.092s to configure plugins.
LogInit: Using libcurl 7.55.1-DEV
LogInit:  - built for x86_64-pc-win32
LogInit:  - supports SSL with OpenSSL/1.0.2h
LogInit:  - supports HTTP deflate (compression) using libz 1.2.8
LogInit:  - other features:
LogInit:      CURL_VERSION_SSL
LogInit:      CURL_VERSION_LIBZ
LogInit:      CURL_VERSION_IPV6
LogInit:      CURL_VERSION_ASYNCHDNS
LogInit:      CURL_VERSION_LARGEFILE
LogInit:      CURL_VERSION_IDN
LogInit:  CurlRequestOptions (configurable via config and command line):
LogInit:  - bVerifyPeer = false  - Libcurl will NOT verify peer certificate
LogInit:  - bUseHttpProxy = false  - Libcurl will NOT use HTTP proxy
LogInit:  - bDontReuseConnections = false  - Libcurl will reuse connections
LogInit:  - CertBundlePath = nullptr  - Libcurl will use whatever was configured at build time.
LogInit:  - MaxHostConnections = 16  - Libcurl will limit the number of connections to a host
LogInit:  - LocalHostAddr = Default
LogInit:  - BufferSize = 65536
LogInit: WinSock: version 1.1 (2.2), MaxSocks=32767, MaxUdp=65467
LogInit: Build: ++UE4+Release-4.20-CL-4369336
LogInit: Engine Version: 4.20.3-4369336+++UE4+Release-4.20
LogInit: Compatible Engine Version: 4.20.0-4212847+++UE4+Release-4.20
LogInit: Net CL: 4212847
LogInit: OS: Windows 10 (), CPU: Intel(R) Core(TM) i7-7700HQ CPU @ 2.80GHz, GPU: Intel(R) HD Graphics 630
LogInit: Compiled (64-bit): Sep 17 2018 12:26:19
LogInit: Compiled with Visual C++: 19.13.26129.00
LogInit: Build Configuration: Development
LogInit: Branch Name: ++UE4+Release-4.20
LogInit: Command Line: -EpicPortal  -epicusername="sezgink" -epicuserid=518bc78f84fc4d0587db4aa8ac518d3c -epiclocale=tr-TR
LogInit: Base Directory: D:/Program Files/UE_4.20/Engine/Binaries/Win64/
LogInit: Installed Engine Build: 1
LogDevObjectVersion: Number of dev versions registered: 20
LogDevObjectVersion:   Dev-Blueprints (B0D832E4-1F89-4F0D-ACCF-7EB736FD4AA2): 10
LogDevObjectVersion:   Dev-Build (E1C64328-A22C-4D53-A36C-8E866417BD8C): 0
LogDevObjectVersion:   Dev-Core (375EC13C-06E4-48FB-B500-84F0262A717E): 2
LogDevObjectVersion:   Dev-Editor (E4B068ED-F494-42E9-A231-DA0B2E46BB41): 24
LogDevObjectVersion:   Dev-Framework (CFFC743F-43B0-4480-9391-14DF171D2073): 34
LogDevObjectVersion:   Dev-Mobile (B02B49B5-BB20-44E9-A304-32B752E40360): 2
LogDevObjectVersion:   Dev-Networking (A4E4105C-59A1-49B5-A7C5-40C4547EDFEE): 0
LogDevObjectVersion:   Dev-Online (39C831C9-5AE6-47DC-9A44-9C173E1C8E7C): 0
LogDevObjectVersion:   Dev-Physics (78F01B33-EBEA-4F98-B9B4-84EACCB95AA2): 0
LogDevObjectVersion:   Dev-Platform (6631380F-2D4D-43E0-8009-CF276956A95A): 0
LogDevObjectVersion:   Dev-Rendering (12F88B9F-8875-4AFC-A67C-D90C383ABD29): 26
LogDevObjectVersion:   Dev-Sequencer (7B5AE74C-D270-4C10-A958-57980B212A5A): 9
LogDevObjectVersion:   Dev-VR (D7296918-1DD6-4BDD-9DE2-64A83CC13884): 2
LogDevObjectVersion:   Dev-LoadTimes (C2A15278-BFE7-4AFE-6C17-90FF531DF755): 1
LogDevObjectVersion:   Private-Geometry (6EACA3D4-40EC-4CC1-B786-8BED09428FC5): 3
LogDevObjectVersion:   Dev-AnimPhys (29E575DD-E0A3-4627-9D10-D276232CDCEA): 17
LogDevObjectVersion:   Dev-ReflectionCapture (6B266CEC-1EC7-4B8F-A30B-E4D90942FC07): 1
LogDevObjectVersion:   Dev-Automation (0DF73D61-A23F-47EA-B727-89E90C41499A): 1
LogDevObjectVersion:   FortniteMain (601D1886-AC64-4F84-AA16-D3DE0DEAC7D6): 12
LogDevObjectVersion:   Dev-Enterprise (9DFFBCD6-494F-0158-E221-12823C92A888): 1
LogStreaming: Display: Took  0.001s to delete old logs.
LogInit: Presizing for max 8388607 objects, including 0 objects not considered by GC, pre-allocating 0 bytes for permanent pool.
LogInit: Object subsystem initialized
[2018.11.27-20.31.20:711][  0]LogInit: Selected Device Profile: [Windows]
[2018.11.27-20.31.20:711][  0]LogInit: Applying CVar settings loaded from the selected device profile: [Windows]
[2018.11.27-20.31.20:729][  0]LogHAL: Display: Platform has ~ 16 GB [17059098624 / 17179869184 / 16], which maps to Larger [LargestMinGB=32, LargerMinGB=12, DefaultMinGB=8, SmallerMinGB=6, SmallestMinGB=0)
[2018.11.27-20.31.20:729][  0]LogInit: Setting Device Profile CVar: [[r.Vulkan.UseRealUBs:1]]
[2018.11.27-20.31.20:729][  0]LogInit: Going up to parent DeviceProfile []
[2018.11.27-20.31.20:729][  0]LogInit: Computer: DESKTOP-PA91GAP
[2018.11.27-20.31.20:729][  0]LogInit: User: Asus
[2018.11.27-20.31.20:729][  0]LogInit: CPU Page size=4096, Cores=4
[2018.11.27-20.31.20:729][  0]LogInit: High frequency timer resolution =2.742192 MHz
[2018.11.27-20.31.20:729][  0]LogMemory: Memory total: Physical=15.9GB (16GB approx)
[2018.11.27-20.31.20:729][  0]LogMemory: Platform Memory Stats for Windows
[2018.11.27-20.31.20:729][  0]LogMemory: Process Physical Memory: 100.26 MB used, 100.26 MB peak
[2018.11.27-20.31.20:729][  0]LogMemory: Process Virtual Memory: 91.02 MB used, 91.02 MB peak
[2018.11.27-20.31.20:729][  0]LogMemory: Physical Memory: 7816.21 MB used,  8452.62 MB free, 16268.82 MB total
[2018.11.27-20.31.20:729][  0]LogMemory: Virtual Memory: 4644.93 MB used,  8452.62 MB free, 134217728.00 MB total
[2018.11.27-20.31.20:752][  0]LogInit: Using OS detected language (tr-TR).
[2018.11.27-20.31.20:752][  0]LogInit: Using OS detected locale (tr-TR).
[2018.11.27-20.31.20:752][  0]LogTextLocalizationManager: No localization for 'tr-TR' exists, so 'en' will be used for the language.
[2018.11.27-20.31.21:122][  0]LogStreaming: Display: Took  0.371s to InitEngineTextLocalization.
[2018.11.27-20.31.21:123][  0]LogInit: Setting process to per monitor DPI aware
[2018.11.27-20.31.21:148][  0]LogSlate: New Slate User Created.  User Index 0, Is Virtual User: 0
[2018.11.27-20.31.21:148][  0]LogSlate: Slate User Registered.  User Index 0, Is Virtual User: 0
[2018.11.27-20.31.21:367][  0]LogHMD: Failed to initialize OpenVR with code 110
[2018.11.27-20.31.21:367][  0]LogD3D11RHI: D3D11 adapters:
[2018.11.27-20.31.21:433][  0]LogD3D11RHI:    0. 'NVIDIA GeForce GTX 1050 Ti' (Feature Level 11_0)
[2018.11.27-20.31.21:433][  0]LogD3D11RHI:       4021/0/8134 MB DedicatedVideo/DedicatedSystem/SharedSystem, Outputs:1, VendorId:0x10de
[2018.11.27-20.31.21:441][  0]LogD3D11RHI:    1. 'Intel(R) HD Graphics 630' (Feature Level 11_0)
[2018.11.27-20.31.21:441][  0]LogD3D11RHI:       128/0/8134 MB DedicatedVideo/DedicatedSystem/SharedSystem, Outputs:0, VendorId:0x8086
[2018.11.27-20.31.21:443][  0]LogD3D11RHI:    2. 'Microsoft Basic Render Driver' (Feature Level 11_0)
[2018.11.27-20.31.21:443][  0]LogD3D11RHI:       0/0/8134 MB DedicatedVideo/DedicatedSystem/SharedSystem, Outputs:0, VendorId:0x1414
[2018.11.27-20.31.21:443][  0]LogD3D11RHI: Chosen D3D11 Adapter: 0
[2018.11.27-20.31.21:470][  0]LogD3D11RHI: Creating new Direct3DDevice
[2018.11.27-20.31.21:470][  0]LogD3D11RHI:     GPU DeviceId: 0x1c8c (for the marketing name, search the web for "GPU Device Id")
[2018.11.27-20.31.21:470][  0]LogWindows: EnumDisplayDevices:
[2018.11.27-20.31.21:470][  0]LogWindows:    0. 'Intel(R) HD Graphics 630' (P:1 D:1)
[2018.11.27-20.31.21:471][  0]LogWindows:    1. 'Intel(R) HD Graphics 630' (P:0 D:0)
[2018.11.27-20.31.21:471][  0]LogWindows:    2. 'Intel(R) HD Graphics 630' (P:0 D:0)
[2018.11.27-20.31.21:471][  0]LogWindows: DebugString: PrimaryIsNotTheChoosenAdapter PrimaryIsNotTheChoosenAdapter PrimaryIsNotTheChoosenAdapter FoundDriverCount:0 
[2018.11.27-20.31.21:471][  0]LogD3D11RHI:     Adapter Name: NVIDIA GeForce GTX 1050 Ti
[2018.11.27-20.31.21:471][  0]LogD3D11RHI:   Driver Version: Unknown (internal:Unknown, unified:Unknown)
[2018.11.27-20.31.21:471][  0]LogD3D11RHI:      Driver Date: Unknown
[2018.11.27-20.31.21:471][  0]LogRHI: Texture pool is 2814 MB (70% of 4021 MB)
[2018.11.27-20.31.21:512][  0]LogD3D11RHI: Async texture creation enabled
[2018.11.27-20.31.21:535][  0]LogD3D11RHI: GPU Timing Frequency: 1000.000000 (Debug: 2 2)
[2018.11.27-20.31.21:536][  0]LogShaderCompilers: Guid format shader working directory is -14 characters bigger than the processId version (../../../../../Users/Asus/Documents/Unreal Projects/Car012/Intermediate/Shaders/WorkingDirectory/22944/).
[2018.11.27-20.31.21:536][  0]LogShaderCompilers: Cleaned the shader compiler working directory 'C:/Users/Asus/AppData/Local/Temp/UnrealShaderWorkingDir/755E715740291E8A342963940E3AE1CD/'.
[2018.11.27-20.31.21:857][  0]LogTemp: Display: Loaded TP AllDesktopTargetPlatform
[2018.11.27-20.31.21:871][  0]LogTemp: Display: Loaded TP MacClientTargetPlatform
[2018.11.27-20.31.21:882][  0]LogTemp: Display: Loaded TP MacNoEditorTargetPlatform
[2018.11.27-20.31.21:894][  0]LogTemp: Display: Loaded TP MacServerTargetPlatform
[2018.11.27-20.31.21:907][  0]LogTemp: Display: Loaded TP MacTargetPlatform
[2018.11.27-20.31.21:921][  0]LogTemp: Display: Loaded TP WindowsClientTargetPlatform
[2018.11.27-20.31.21:934][  0]LogTemp: Display: Loaded TP WindowsNoEditorTargetPlatform
[2018.11.27-20.31.21:947][  0]LogTemp: Display: Loaded TP WindowsServerTargetPlatform
[2018.11.27-20.31.21:953][  0]LogTemp: Display: Loaded TP WindowsTargetPlatform
[2018.11.27-20.31.22:030][  0]LogTemp: Display: Loaded TP AndroidTargetPlatform
[2018.11.27-20.31.22:030][  0]LogTemp: Display: Loaded TP AndroidTargetPlatform
[2018.11.27-20.31.22:030][  0]LogTemp: Display: Loaded TP AndroidTargetPlatform
[2018.11.27-20.31.22:030][  0]LogTemp: Display: Loaded TP AndroidTargetPlatform
[2018.11.27-20.31.22:030][  0]LogTemp: Display: Loaded TP AndroidTargetPlatform
[2018.11.27-20.31.22:030][  0]LogTemp: Display: Loaded TP AndroidTargetPlatform
[2018.11.27-20.31.22:030][  0]LogTemp: Display: Loaded TP AndroidTargetPlatform
[2018.11.27-20.31.22:030][  0]LogTemp: Display: Loaded TP AndroidTargetPlatform
[2018.11.27-20.31.22:030][  0]LogTemp: Display: Loaded TP AndroidTargetPlatform
[2018.11.27-20.31.22:030][  0]LogTemp: Display: Loaded TP AndroidTargetPlatform
[2018.11.27-20.31.22:030][  0]LogTemp: Display: Loaded TP AndroidTargetPlatform
[2018.11.27-20.31.22:030][  0]LogTemp: Display: Loaded TP AndroidTargetPlatform
[2018.11.27-20.31.22:030][  0]LogTemp: Display: Loaded TP AndroidTargetPlatform
[2018.11.27-20.31.22:030][  0]LogTemp: Display: Loaded TP AndroidTargetPlatform
[2018.11.27-20.31.22:030][  0]LogTemp: Display: Loaded TP AndroidTargetPlatform
[2018.11.27-20.31.22:030][  0]LogTemp: Display: Loaded TP AndroidTargetPlatform
[2018.11.27-20.31.22:030][  0]LogTemp: Display: Loaded TP AndroidTargetPlatform
[2018.11.27-20.31.22:030][  0]LogTemp: Display: Loaded TP AndroidTargetPlatform
[2018.11.27-20.31.22:031][  0]LogTemp: Display: Loaded TP HTML5TargetPlatform
[2018.11.27-20.31.22:089][  0]LogTemp: Display: Loaded TP IOSTargetPlatform
[2018.11.27-20.31.22:089][  0]LogTemp: Display: Loaded TP IOSTargetPlatform
[2018.11.27-20.31.22:114][  0]LogTemp: Display: Loaded TP TVOSTargetPlatform
[2018.11.27-20.31.22:114][  0]LogTemp: Display: Loaded TP TVOSTargetPlatform
[2018.11.27-20.31.22:129][  0]LogTemp: Display: Loaded TP LinuxClientTargetPlatform
[2018.11.27-20.31.22:141][  0]LogTemp: Display: Loaded TP LinuxNoEditorTargetPlatform
[2018.11.27-20.31.22:156][  0]LogTemp: Display: Loaded TP LinuxServerTargetPlatform
[2018.11.27-20.31.22:169][  0]LogTemp: Display: Loaded TP LinuxTargetPlatform
[2018.11.27-20.31.22:177][  0]LogTemp: Display: Loaded TP LuminTargetPlatform
[2018.11.27-20.31.22:177][  0]LogTargetPlatformManager: Display: Building Assets For Windows
[2018.11.27-20.31.22:340][  0]LogXGEController: Cannot use XGE Controller as Incredibuild is not installed on this machine.
[2018.11.27-20.31.22:341][  0]LogShaderCompilers: Cannot use XGE Shader Compiler as Incredibuild is not installed on this machine.
[2018.11.27-20.31.22:341][  0]LogShaderCompilers: Display: Using Local Shader Compiler.
[2018.11.27-20.31.23:071][  0]LogDerivedDataCache: Display: Max Cache Size: 512 MB
[2018.11.27-20.31.23:130][  0]LogDerivedDataCache: Loaded boot cache 0.06s 71MB C:/Users/Asus/AppData/Local/UnrealEngine/4.20/DerivedDataCache/Boot.ddc.
[2018.11.27-20.31.23:130][  0]LogDerivedDataCache: Display: Loaded Boot cache: C:/Users/Asus/AppData/Local/UnrealEngine/4.20/DerivedDataCache/Boot.ddc
[2018.11.27-20.31.23:130][  0]LogDerivedDataCache: FDerivedDataBackendGraph:  Pak pak cache file ../../../../../Users/Asus/Documents/Unreal Projects/Car012/DerivedDataCache/DDC.ddp not found, will not use a pak cache.
[2018.11.27-20.31.23:130][  0]LogDerivedDataCache: Unable to find inner node Pak for hierarchical cache Hierarchy.
[2018.11.27-20.31.23:130][  0]LogDerivedDataCache: FDerivedDataBackendGraph:  CompressedPak pak cache file ../../../../../Users/Asus/Documents/Unreal Projects/Car012/DerivedDataCache/Compressed.ddp not found, will not use a pak cache.
[2018.11.27-20.31.23:130][  0]LogDerivedDataCache: Unable to find inner node CompressedPak for hierarchical cache Hierarchy.
[2018.11.27-20.31.23:143][  0]LogDerivedDataCache: Display: Pak cache opened for reading ../../../Engine/DerivedDataCache/Compressed.ddp.
[2018.11.27-20.31.23:155][  0]LogDerivedDataCache: Using Local data cache path C:/Users/Asus/AppData/Local/UnrealEngine/Common/DerivedDataCache: Writable
[2018.11.27-20.31.23:155][  0]LogDerivedDataCache: Shared data cache path not found in *engine.ini, will not use an Shared cache.
[2018.11.27-20.31.23:155][  0]LogDerivedDataCache: Unable to find inner node Shared for hierarchical cache Hierarchy.
[2018.11.27-20.31.23:172][  0]LogMaterial: Verifying Global Shaders for PCD3D_SM5
[2018.11.27-20.31.23:174][  0]LogSlate: Using FreeType 2.6.0
[2018.11.27-20.31.23:174][  0]LogSlate: SlateFontServices - WITH_FREETYPE: 1, WITH_HARFBUZZ: 1
[2018.11.27-20.31.23:247][  0]LogAssetRegistry: FAssetRegistry took 0.0260 seconds to start up
[2018.11.27-20.31.23:565][  0]LogInit: Selected Device Profile: [Windows]
[2018.11.27-20.31.23:699][  0]LogSimplygon: Simplygon DLL not present - disabling.
[2018.11.27-20.31.23:703][  0]LogMeshReduction: Using SimplygonSwarm for distributed automatic mesh merging
[2018.11.27-20.31.23:703][  0]LogMeshReduction: Using ProxyLODMeshReduction for automatic mesh merging
[2018.11.27-20.31.23:703][  0]LogMeshReduction: Using QuadricMeshReduction for automatic static mesh reduction
[2018.11.27-20.31.23:703][  0]LogMeshReduction: No automatic skeletal mesh reduction module available
[2018.11.27-20.31.23:720][  0]LogNetVersion: Car012 1.0.0, NetCL: 4212847, EngineNetVer: 5, GameNetVer: 0 (Checksum: 3333073099)
[2018.11.27-20.31.24:211][  0]LogPackageLocalizationCache: Processed 11 localized package path(s) for 1 prioritized culture(s) in 0.038266 seconds
[2018.11.27-20.31.24:219][  0]LogUObjectArray: 38425 objects as part of root set at end of initial load.
[2018.11.27-20.31.24:219][  0]LogUObjectAllocator: 6690864 out of 0 bytes used by permanent object pool.
[2018.11.27-20.31.24:219][  0]LogUObjectArray: CloseDisregardForGC: 0/0 objects in disregard for GC pool
[2018.11.27-20.31.25:067][  0]LogTcpMessaging: Initializing TcpMessaging bridge
[2018.11.27-20.31.25:080][  0]LogUdpMessaging: Initializing bridge on interface 0.0.0.0:0 to multicast group 230.0.0.1:6666.
[2018.11.27-20.31.25:247][  0]SourceControl: Source control is disabled
[2018.11.27-20.31.25:955][  0]LogAndroidPermission: UAndroidPermissionCallbackProxy::GetInstance
[2018.11.27-20.31.26:007][  0]LogOcInput: OculusInput pre-init called
[2018.11.27-20.31.26:069][  0]LogEngine: Initializing Engine...
[2018.11.27-20.31.26:070][  0]LogHMD: Failed to initialize OpenVR with code 110
[2018.11.27-20.31.26:071][  0]LogStats: UGameplayTagsManager::ConstructGameplayTagTree: ImportINI prefixes -  0.000 s
[2018.11.27-20.31.26:071][  0]LogStats: UGameplayTagsManager::ConstructGameplayTagTree: Construct from data asset -  0.000 s
[2018.11.27-20.31.26:071][  0]LogStats: UGameplayTagsManager::ConstructGameplayTagTree: ImportINI -  0.000 s
[2018.11.27-20.31.26:071][  0]LogStats: UGameplayTagsManager::ConstructGameplayTagTree: GameplayTagTreeChangedEvent.Broadcast -  0.000 s
[2018.11.27-20.31.26:277][  0]LogInit: Initializing FReadOnlyCVARCache
[2018.11.27-20.31.26:291][  0]LogAIModule: Creating AISystem for world Untitled
[2018.11.27-20.31.26:358][  0]LogInit: XAudio2 using 'Speakers (Realtek High Definition Audio)' : 2 channels at 48 kHz using 32 bits per sample (channel mask 0x3)
[2018.11.27-20.31.26:659][  0]LogInit: FAudioDevice initialized.
[2018.11.27-20.31.26:659][  0]LogNetVersion: Set ProjectVersion to 1.0.0.0. Version Checksum will be recalculated on next use.
[2018.11.27-20.31.26:749][  0]LogDerivedDataCache: Saved boot cache 0.09s 71MB C:/Users/Asus/AppData/Local/UnrealEngine/4.20/DerivedDataCache/Boot.ddc.
[2018.11.27-20.31.26:754][  0]LogInit: Texture streaming: Enabled
[2018.11.27-20.31.26:770][  0]LogEngineSessionManager: EngineSessionManager initialized
[2018.11.27-20.31.26:783][  0]LogInit: Transaction tracking system initialized
[2018.11.27-20.31.26:807][  0]BlueprintLog: New page: Editor Load
[2018.11.27-20.31.26:895][  0]LocalizationService: Localization service is disabled
[2018.11.27-20.31.27:038][  0]LogLinker: Warning: Can't find file '/Game/ThirdPersonBP/ThirdPersonOverview'
[2018.11.27-20.31.27:038][  0]LogLinker: Warning: Can't find file '/Game/ThirdPersonBP/ThirdPersonOverview'
[2018.11.27-20.31.27:038][  0]LogUObjectGlobals: Warning: Failed to find object 'Class /Game/ThirdPersonBP/ThirdPersonOverview.ThirdPersonOverview_C'
[2018.11.27-20.31.27:231][  0]LogCook: Display: Max memory allowance for cook 16384mb min free memory 0mb
[2018.11.27-20.31.27:231][  0]LogCook: Display: Mobile HDR setting 1
[2018.11.27-20.31.27:231][  0]LogGameplayTags: Display: UGameplayTagsManager::DoneAddingNativeTags. DelegateIsBound: 0
[2018.11.27-20.31.27:231][  0]LogStats: UGameplayTagsManager::ConstructGameplayTagTree: ImportINI prefixes -  0.000 s
[2018.11.27-20.31.27:231][  0]LogStats: UGameplayTagsManager::ConstructGameplayTagTree: Construct from data asset -  0.000 s
[2018.11.27-20.31.27:231][  0]LogStats: UGameplayTagsManager::ConstructGameplayTagTree: ImportINI -  0.000 s
[2018.11.27-20.31.27:231][  0]LogStats: UGameplayTagsManager::ConstructGameplayTagTree: GameplayTagTreeChangedEvent.Broadcast -  0.000 s
[2018.11.27-20.31.27:352][  0]LogFileCache: Scanning file cache for directory 'D:/Users/Asus/Documents/Unreal Projects/Car012/Content/' took 0.01s
[2018.11.27-20.31.27:353][  0]Cmd: MAP LOAD FILE="../../../../../Users/Asus/Documents/Unreal Projects/Car012/Content/VehicleAdvBP/Maps/VehicleAdvExampleMap.umap" TEMPLATE=0 SHOWPROGRESS=1 FEATURELEVEL=3
[2018.11.27-20.31.27:353][  0]LightingResults: New page: Lighting Build
[2018.11.27-20.31.27:355][  0]MapCheck: New page: Map Check
[2018.11.27-20.31.27:355][  0]LightingResults: New page: Lighting Build
[2018.11.27-20.31.27:929][  0]LogAIModule: Creating AISystem for world VehicleAdvExampleMap
[2018.11.27-20.31.27:965][  0]LogEditorServer: Finished looking for orphan Actors (0.000 secs)
[2018.11.27-20.31.27:990][  0]Cmd: MAP CHECKDEP NOCLEARLOG
[2018.11.27-20.31.28:057][  0]MapCheck: Map check complete: 0 Error(s), 0 Warning(s), took 67,013ms to complete.
[2018.11.27-20.31.28:057][  0]LogFileHelpers: Loading map 'VehicleAdvExampleMap' took 0.705
[2018.11.27-20.31.28:169][  0]LogSlate: Updating window title bar state: overlay mode, drag disabled, window buttons hidden, title bar hidden
[2018.11.27-20.31.28:179][  0]LogSlate: Updating window title bar state: overlay mode, drag disabled, window buttons hidden, title bar hidden
[2018.11.27-20.31.28:190][  0]LogSlate: Updating window title bar state: overlay mode, drag disabled, window buttons hidden, title bar hidden
[2018.11.27-20.31.28:200][  0]LogSlate: Updating window title bar state: overlay mode, drag disabled, window buttons hidden, title bar hidden
[2018.11.27-20.31.28:207][  0]LogCollectionManager: Loaded 0 collections in 0.002222 seconds
[2018.11.27-20.31.28:248][  0]LogFileCache: Scanning file cache for directory 'D:/Users/Asus/Documents/Unreal Projects/Car012/Saved/Collections/' took 0.01s
[2018.11.27-20.31.28:248][  0]LogFileCache: Scanning file cache for directory 'D:/Users/Asus/Documents/Unreal Projects/Car012/Content/Developers/Asus/Collections/' took 0.01s
[2018.11.27-20.31.28:248][  0]LogFileCache: Scanning file cache for directory 'D:/Users/Asus/Documents/Unreal Projects/Car012/Content/Collections/' took 0.01s
[2018.11.27-20.31.28:248][  0]LogCollectionManager: Rebuilt the GUID cache for 0 collections in 0.000000 seconds
[2018.11.27-20.31.28:259][  0]LogContentBrowser: Native class hierarchy populated in 0.0111 seconds. Added 2574 classes and 606 folders.
[2018.11.27-20.31.28:268][  0]LogContentBrowser: Native class hierarchy updated for 'WidgetCarousel' in 0.0004 seconds. Added 0 classes and 0 folders.
[2018.11.27-20.31.28:320][  0]LogContentBrowser: Native class hierarchy updated for 'AddContentDialog' in 0.0002 seconds. Added 0 classes and 0 folders.
[2018.11.27-20.31.28:326][  0]LogContentBrowser: Native class hierarchy updated for 'SceneOutliner' in 0.0004 seconds. Added 1 classes and 2 folders.
[2018.11.27-20.31.28:347][  0]LogSlate: Took 0.000199 seconds to synchronously load lazily loaded font '../../../Engine/Content/Slate/Fonts/Roboto-Regular.ttf' (155K)
[2018.11.27-20.31.28:350][  0]LogSlate: Took 0.000302 seconds to synchronously load lazily loaded font '../../../Engine/Content/Slate/Fonts/Roboto-Bold.ttf' (160K)
[2018.11.27-20.31.28:356][  0]LogSlate: Took 0.000224 seconds to synchronously load lazily loaded font '../../../Engine/Content/Editor/Slate/Fonts/FontAwesome.ttf' (139K)
[2018.11.27-20.31.28:453][  0]LogRenderer: Reallocating scene render targets to support 788x436 Format 10 NumSamples 1 (Frame:1).
[2018.11.27-20.31.28:650][  0]LogContentBrowser: Native class hierarchy updated for 'HierarchicalLODOutliner' in 0.0003 seconds. Added 0 classes and 0 folders.
[2018.11.27-20.31.28:650][  0]LogLoad: (Engine Initialization) Total time: 9.76 seconds
[2018.11.27-20.31.28:650][  0]LogLoad: (Engine Initialization) Total Blueprint compile time: 0.00 seconds
[2018.11.27-20.31.28:674][  0]LogRawInputWindows: Warning: Found device 0 devices
[2018.11.27-20.31.28:674][  0]LogRawInputWindows: Warning: Found device 0 devices
[2018.11.27-20.31.28:674][  0]LogRawInputWindows: Warning: Device was registered succesfully but not connected (Usage:4 UsagePage:1)
[2018.11.27-20.31.28:674][  0]LogRawInputWindows: Warning: Found device 1 devices
[2018.11.27-20.31.28:675][  0]LogRawInputWindows: Warning: Device was registered succesfully but not connected (Usage:5 UsagePage:1)
[2018.11.27-20.31.28:697][  0]LogContentStreaming: Texture pool size now 1000 MB
[2018.11.27-20.31.28:714][  0]LogSlate: Took 0.000278 seconds to synchronously load lazily loaded font '../../../Engine/Content/Slate/Fonts/Roboto-Light.ttf' (167K)
[2018.11.27-20.31.28:789][  1]LogAssetRegistry: Asset discovery search completed in 5.5648 seconds
[2018.11.27-20.31.28:791][  1]LogCollectionManager: Rebuilt the object cache for 0 collections in 0.000000 seconds (found 0 objects)
[2018.11.27-20.31.28:791][  1]LogCollectionManager: Fixed up redirectors for 0 collections in 0.000069 seconds (updated 0 objects)
[2018.11.27-20.31.39:226][115]LogSlate: FSceneViewport::OnFocusLost() reason 0
[2018.11.27-20.31.39:729][139]LogSlate: Took 0.000197 seconds to synchronously load lazily loaded font '../../../Engine/Content/Slate/Fonts/Roboto-Light.ttf' (167K)
[2018.11.27-20.31.40:068][139]LogSavePackage: Moving '../../../../../Users/Asus/Documents/Unreal Projects/Car012/Saved/VehicleAdvExampleMapE336128345C21C81FC4920B1F3410278.tmp' to '../../../../../Users/Asus/Documents/Unreal Projects/Car012/Content/VehicleAdvBP/Maps/VehicleAdvExampleMap.umap'
[2018.11.27-20.31.41:193][139]LogSavePackage: Moving '../../../../../Users/Asus/Documents/Unreal Projects/Car012/Saved/VehicleAdvExampleMap_BuiltDataF98E96284A1DDB174BC7AF864B035B54.tmp' to '../../../../../Users/Asus/Documents/Unreal Projects/Car012/Content/VehicleAdvBP/Maps/VehicleAdvExampleMap_BuiltData.uasset'
[2018.11.27-20.31.43:140][256]LogEditorViewport: Clicking on Actor (LMB): StaticMeshActor (Shape_NarrowCapsule)
[2018.11.27-20.31.47:631][464]LogSlate: FSceneViewport::OnFocusLost() reason 2
[2018.11.27-20.31.47:747][464]LogSlate: FSceneViewport::OnFocusLost() reason 2
[2018.11.27-20.31.48:040][464]LogSavePackage: Moving '../../../../../Users/Asus/Documents/Unreal Projects/Car012/Saved/VehicleAdvExampleMapA011201140DD872B8E2232A5366ACE54.tmp' to '../../../../../Users/Asus/Documents/Unreal Projects/Car012/Content/VehicleAdvBP/Maps/VehicleAdvExampleMap.umap'
[2018.11.27-20.31.49:031][464]LogSavePackage: Moving '../../../../../Users/Asus/Documents/Unreal Projects/Car012/Saved/VehicleAdvExampleMap_BuiltData860790B5477DFB0B517C959B33CAE44D.tmp' to '../../../../../Users/Asus/Documents/Unreal Projects/Car012/Content/VehicleAdvBP/Maps/VehicleAdvExampleMap_BuiltData.uasset'
[2018.11.27-20.31.58:098][803]LogSlate: Window 'Pick Parent Class' being destroyed
[2018.11.27-20.32.02:660][ 53]LogAssetEditorManager: Opening Asset editor for Blueprint /Game/StarterContent/Shapes/Reyiz.Reyiz
[2018.11.27-20.32.03:860][ 53]LogContentBrowser: Native class hierarchy updated for 'BlueprintGraph' in 0.0006 seconds. Added 116 classes and 0 folders.
[2018.11.27-20.32.05:659][ 53]LogRenderer: Reallocating scene render targets to support 788x524 Format 10 NumSamples 1 (Frame:1).
[2018.11.27-20.32.14:550][564]LogSlate: FSceneViewport::OnFocusLost() reason 2
[2018.11.27-20.32.14:661][564]Cmd: OBJ SAVEPACKAGE PACKAGE="/Game/StarterContent/Shapes/Reyiz" FILE="../../../../../Users/Asus/Documents/Unreal Projects/Car012/Content/StarterContent/Shapes/Reyiz.uasset" SILENT=true
[2018.11.27-20.32.14:764][564]LogSavePackage: Moving '../../../../../Users/Asus/Documents/Unreal Projects/Car012/Saved/Reyiz28D2DF0F4FF216A6DDAFA3854ADAD3A3.tmp' to '../../../../../Users/Asus/Documents/Unreal Projects/Car012/Content/StarterContent/Shapes/Reyiz.uasset'
[2018.11.27-20.32.17:617][714]LogSlate: Window 'Reyiz' being destroyed
[2018.11.27-20.32.17:622][714]LogSlate: Window 'Reyiz' being destroyed
